2023-11-02 16:11:27.107 +01:00 INF Now listening on: https://localhost:7071 
2023-11-02 16:11:27.186 +01:00 INF Now listening on: http://localhost:5291 
2023-11-02 16:11:27.201 +01:00 INF Application started. Press Ctrl+C to shut down. 
2023-11-02 16:11:27.204 +01:00 INF Hosting environment: Development 
2023-11-02 16:11:27.205 +01:00 INF Content root path: C:\Users\Ogunleyeaad\source\repos\project\HealthcareMicroservice\src\Hospital\Hospital.API\ 
2023-11-02 16:11:30.776 +01:00 INF Request starting HTTP/2 GET https://localhost:7071/swagger - - 
2023-11-02 16:11:31.056 +01:00 INF Request finished HTTP/2 GET https://localhost:7071/swagger - - - 301 0 - 292.1194ms 
2023-11-02 16:11:31.150 +01:00 INF Request starting HTTP/2 GET https://localhost:7071/swagger/index.html - - 
2023-11-02 16:11:31.479 +01:00 INF Request finished HTTP/2 GET https://localhost:7071/swagger/index.html - - - 200 - text/html;charset=utf-8 328.6527ms 
2023-11-02 16:11:31.564 +01:00 INF Request starting HTTP/2 GET https://localhost:7071/swagger/swagger-ui.css - - 
2023-11-02 16:11:31.625 +01:00 INF Request starting HTTP/2 GET https://localhost:7071/_framework/aspnetcore-browser-refresh.js - - 
2023-11-02 16:11:31.623 +01:00 INF Request starting HTTP/2 GET https://localhost:7071/swagger/swagger-ui-bundle.js - - 
2023-11-02 16:11:31.753 +01:00 INF Request starting HTTP/2 GET https://localhost:7071/swagger/swagger-ui-standalone-preset.js - - 
2023-11-02 16:11:31.763 +01:00 INF Request finished HTTP/2 GET https://localhost:7071/_framework/aspnetcore-browser-refresh.js - - - 200 11994 application/javascript;+charset=utf-8 137.8110ms 
2023-11-02 16:11:32.155 +01:00 INF Sending file. Request path: '/swagger-ui-standalone-preset.js'. Physical path: 'N/A' 
2023-11-02 16:11:32.073 +01:00 INF Sending file. Request path: '/swagger-ui.css'. Physical path: 'N/A' 
2023-11-02 16:11:32.175 +01:00 INF Sending file. Request path: '/swagger-ui-bundle.js'. Physical path: 'N/A' 
2023-11-02 16:11:32.226 +01:00 INF Request finished HTTP/2 GET https://localhost:7071/swagger/swagger-ui.css - - - 200 143632 text/css 662.0650ms 
2023-11-02 16:11:32.226 +01:00 INF Request finished HTTP/2 GET https://localhost:7071/swagger/swagger-ui-bundle.js - - - 200 1092889 application/javascript 603.7676ms 
2023-11-02 16:11:32.226 +01:00 INF Request finished HTTP/2 GET https://localhost:7071/swagger/swagger-ui-standalone-preset.js - - - 200 337162 application/javascript 473.3236ms 
2023-11-02 16:11:32.460 +01:00 INF Request starting HTTP/2 GET https://localhost:7071/swagger/v1/swagger.json - - 
2023-11-02 16:11:32.879 +01:00 INF Request finished HTTP/2 GET https://localhost:7071/swagger/v1/swagger.json - - - 200 - application/json;charset=utf-8 418.9326ms 
2023-11-02 16:12:39.116 +01:00 INF Request starting HTTP/2 POST https://localhost:7071/api/Hospital/createhospital application/json 149 
2023-11-02 16:12:39.143 +01:00 INF Executing endpoint 'Hospital.API.Controllers.HospitalController.CreateHospital (Hospital.API)' 
2023-11-02 16:12:39.286 +01:00 INF Route matched with {action = "CreateHospital", controller = "Hospital"}. Executing controller action with signature System.Threading.Tasks.Task`1[Microsoft.AspNetCore.Mvc.ActionResult] CreateHospital(Hospital.Domain.DTOs.Request.HospitalForCreationDto) on controller Hospital.API.Controllers.HospitalController (Hospital.API). 
2023-11-02 16:16:08.515 +01:00 INF Now listening on: https://localhost:7071 
2023-11-02 16:16:08.645 +01:00 INF Now listening on: http://localhost:5291 
2023-11-02 16:16:08.656 +01:00 INF Application started. Press Ctrl+C to shut down. 
2023-11-02 16:16:08.659 +01:00 INF Hosting environment: Development 
2023-11-02 16:16:08.661 +01:00 INF Content root path: C:\Users\Ogunleyeaad\source\repos\project\HealthcareMicroservice\src\Hospital\Hospital.API\ 
2023-11-02 16:16:10.849 +01:00 INF Request starting HTTP/2 GET https://localhost:7071/swagger - - 
2023-11-02 16:16:11.124 +01:00 INF Request finished HTTP/2 GET https://localhost:7071/swagger - - - 301 0 - 282.0317ms 
2023-11-02 16:16:11.132 +01:00 INF Request starting HTTP/2 GET https://localhost:7071/swagger/index.html - - 
2023-11-02 16:16:11.463 +01:00 INF Request finished HTTP/2 GET https://localhost:7071/swagger/index.html - - - 200 - text/html;charset=utf-8 329.6107ms 
2023-11-02 16:16:11.676 +01:00 INF Request starting HTTP/2 GET https://localhost:7071/swagger/swagger-ui-bundle.js - - 
2023-11-02 16:16:11.680 +01:00 INF Request starting HTTP/2 GET https://localhost:7071/swagger/swagger-ui.css - - 
2023-11-02 16:16:11.684 +01:00 INF Request starting HTTP/2 GET https://localhost:7071/swagger/swagger-ui-standalone-preset.js - - 
2023-11-02 16:16:11.686 +01:00 INF Request starting HTTP/2 GET https://localhost:7071/_framework/aspnetcore-browser-refresh.js - - 
2023-11-02 16:16:11.799 +01:00 INF Request finished HTTP/2 GET https://localhost:7071/_framework/aspnetcore-browser-refresh.js - - - 200 11994 application/javascript;+charset=utf-8 113.4610ms 
2023-11-02 16:16:11.987 +01:00 INF Sending file. Request path: '/swagger-ui.css'. Physical path: 'N/A' 
2023-11-02 16:16:11.987 +01:00 INF Sending file. Request path: '/swagger-ui-standalone-preset.js'. Physical path: 'N/A' 
2023-11-02 16:16:12.019 +01:00 INF Sending file. Request path: '/swagger-ui-bundle.js'. Physical path: 'N/A' 
2023-11-02 16:16:12.040 +01:00 INF Request finished HTTP/2 GET https://localhost:7071/swagger/swagger-ui-bundle.js - - - 200 1092889 application/javascript 364.4224ms 
2023-11-02 16:16:12.040 +01:00 INF Request finished HTTP/2 GET https://localhost:7071/swagger/swagger-ui.css - - - 200 143632 text/css 360.9451ms 
2023-11-02 16:16:12.040 +01:00 INF Request finished HTTP/2 GET https://localhost:7071/swagger/swagger-ui-standalone-preset.js - - - 200 337162 application/javascript 355.9753ms 
2023-11-02 16:16:12.221 +01:00 INF Request starting HTTP/2 GET https://localhost:7071/swagger/v1/swagger.json - - 
2023-11-02 16:16:12.657 +01:00 INF Request finished HTTP/2 GET https://localhost:7071/swagger/v1/swagger.json - - - 200 - application/json;charset=utf-8 436.1895ms 
2023-11-02 16:17:12.845 +01:00 INF Request starting HTTP/2 POST https://localhost:7071/api/Hospital/createhospital application/json 146 
2023-11-02 16:17:12.888 +01:00 INF Executing endpoint 'Hospital.API.Controllers.HospitalController.CreateHospital (Hospital.API)' 
2023-11-02 16:17:13.024 +01:00 INF Route matched with {action = "CreateHospital", controller = "Hospital"}. Executing controller action with signature System.Threading.Tasks.Task`1[Microsoft.AspNetCore.Mvc.ActionResult] CreateHospital(Hospital.Domain.DTOs.Request.HospitalForCreationDto) on controller Hospital.API.Controllers.HospitalController (Hospital.API). 
2023-11-02 16:17:24.006 +01:00 INF Inside the CreateHospitalAync 
2023-11-02 16:17:24.878 +01:00 INF payload to create a new hospital is Hospital.Domain.DTOs.Request.HospitalForCreationDto 
2023-11-02 16:17:31.038 +01:00 INF Entity Framework Core 3.1.18 initialized 'RepositoryContext' using provider 'Microsoft.EntityFrameworkCore.InMemory' with options: StoreName=InMem  
2023-11-02 16:17:53.700 +01:00 INF Sending POST request to "http://localhost:5027/api/UserHospitalController/createhospital" with Body {"Name":"Luth","Description":"Add Luth","Logo":"Image1.jpeg","PhoneNumber":"08108419461","Email":"adeolavictor618@yahoo.com"} 
2023-11-02 16:17:54.374 +01:00 INF Start processing HTTP request POST "http://localhost:5027/api/UserHospitalController/createhospital" 
2023-11-02 16:17:54.379 +01:00 INF Sending HTTP request POST "http://localhost:5027/api/UserHospitalController/createhospital" 
2023-11-02 16:17:55.477 +01:00 INF Received HTTP response headers after 1079.4176ms - 404 
2023-11-02 16:17:55.488 +01:00 INF End processing HTTP request after 1120.4422ms - 404 
2023-11-02 16:19:10.093 +01:00 INF Response from "https://localhost:7082/api/UserHospitalController/createhospital" is  
2023-11-02 16:22:57.639 +01:00 INF Now listening on: https://localhost:7071 
2023-11-02 16:22:57.709 +01:00 INF Now listening on: http://localhost:5291 
2023-11-02 16:22:57.715 +01:00 INF Application started. Press Ctrl+C to shut down. 
2023-11-02 16:22:57.717 +01:00 INF Hosting environment: Development 
2023-11-02 16:22:57.720 +01:00 INF Content root path: C:\Users\Ogunleyeaad\source\repos\project\HealthcareMicroservice\src\Hospital\Hospital.API\ 
2023-11-02 16:23:00.892 +01:00 INF Request starting HTTP/2 GET https://localhost:7071/swagger - - 
2023-11-02 16:23:01.391 +01:00 INF Request finished HTTP/2 GET https://localhost:7071/swagger - - - 301 0 - 538.2838ms 
2023-11-02 16:23:01.454 +01:00 INF Request starting HTTP/2 GET https://localhost:7071/swagger/index.html - - 
2023-11-02 16:23:01.845 +01:00 INF Request finished HTTP/2 GET https://localhost:7071/swagger/index.html - - - 200 - text/html;charset=utf-8 391.4827ms 
2023-11-02 16:23:01.886 +01:00 INF Request starting HTTP/2 GET https://localhost:7071/swagger/swagger-ui-standalone-preset.js - - 
2023-11-02 16:23:01.886 +01:00 INF Request starting HTTP/2 GET https://localhost:7071/swagger/swagger-ui-bundle.js - - 
2023-11-02 16:23:01.886 +01:00 INF Request starting HTTP/2 GET https://localhost:7071/_framework/aspnetcore-browser-refresh.js - - 
2023-11-02 16:23:01.887 +01:00 INF Request starting HTTP/2 GET https://localhost:7071/swagger/swagger-ui.css - - 
2023-11-02 16:23:01.907 +01:00 INF Request finished HTTP/2 GET https://localhost:7071/_framework/aspnetcore-browser-refresh.js - - - 200 11994 application/javascript;+charset=utf-8 20.0226ms 
2023-11-02 16:23:02.072 +01:00 INF Sending file. Request path: '/swagger-ui-standalone-preset.js'. Physical path: 'N/A' 
2023-11-02 16:23:02.072 +01:00 INF Sending file. Request path: '/swagger-ui.css'. Physical path: 'N/A' 
2023-11-02 16:23:02.097 +01:00 INF Request finished HTTP/2 GET https://localhost:7071/swagger/swagger-ui.css - - - 200 143632 text/css 209.7255ms 
2023-11-02 16:23:02.097 +01:00 INF Request finished HTTP/2 GET https://localhost:7071/swagger/swagger-ui-standalone-preset.js - - - 200 337162 application/javascript 210.1631ms 
2023-11-02 16:23:02.098 +01:00 INF Sending file. Request path: '/swagger-ui-bundle.js'. Physical path: 'N/A' 
2023-11-02 16:23:02.104 +01:00 INF Request finished HTTP/2 GET https://localhost:7071/swagger/swagger-ui-bundle.js - - - 200 1092889 application/javascript 217.4145ms 
2023-11-02 16:23:02.322 +01:00 INF Request starting HTTP/2 GET https://localhost:7071/swagger/v1/swagger.json - - 
2023-11-02 16:23:02.673 +01:00 INF Request finished HTTP/2 GET https://localhost:7071/swagger/v1/swagger.json - - - 200 - application/json;charset=utf-8 351.6693ms 
2023-11-02 16:24:40.785 +01:00 INF Request starting HTTP/2 POST https://localhost:7071/api/Hospital/createhospital application/json 155 
2023-11-02 16:24:40.824 +01:00 INF Executing endpoint 'Hospital.API.Controllers.HospitalController.CreateHospital (Hospital.API)' 
2023-11-02 16:24:40.955 +01:00 INF Route matched with {action = "CreateHospital", controller = "Hospital"}. Executing controller action with signature System.Threading.Tasks.Task`1[Microsoft.AspNetCore.Mvc.ActionResult] CreateHospital(Hospital.Domain.DTOs.Request.HospitalForCreationDto) on controller Hospital.API.Controllers.HospitalController (Hospital.API). 
2023-11-02 16:24:48.427 +01:00 INF Inside the CreateHospitalAync 
2023-11-02 16:24:48.645 +01:00 INF payload to create a new hospital is Hospital.Domain.DTOs.Request.HospitalForCreationDto 
2023-11-02 16:24:51.022 +01:00 INF Entity Framework Core 3.1.18 initialized 'RepositoryContext' using provider 'Microsoft.EntityFrameworkCore.InMemory' with options: StoreName=InMem  
2023-11-02 16:24:58.436 +01:00 INF Sending POST request to "https://localhost:7082/api/UserHospital/createhospital" with Body {"Name":"Luth","Description":"Luth is the best","Logo":"sample1.jpeg","PhoneNumber":"08108419461","Email":"adeolavictor618@yahoo.com"} 
2023-11-02 16:24:59.201 +01:00 INF Start processing HTTP request POST "https://localhost:7082/api/UserHospital/createhospital" 
2023-11-02 16:24:59.209 +01:00 INF Sending HTTP request POST "https://localhost:7082/api/UserHospital/createhospital" 
2023-11-02 16:25:01.187 +01:00 INF Received HTTP response headers after 1957.2805ms - 400 
2023-11-02 16:25:01.199 +01:00 INF End processing HTTP request after 2004.8563ms - 400 
2023-11-02 16:25:57.180 +01:00 INF Now listening on: https://localhost:7071 
2023-11-02 16:25:57.269 +01:00 INF Now listening on: http://localhost:5291 
2023-11-02 16:25:57.276 +01:00 INF Application started. Press Ctrl+C to shut down. 
2023-11-02 16:25:57.278 +01:00 INF Hosting environment: Development 
2023-11-02 16:25:57.281 +01:00 INF Content root path: C:\Users\Ogunleyeaad\source\repos\project\HealthcareMicroservice\src\Hospital\Hospital.API\ 
2023-11-02 16:26:00.734 +01:00 INF Request starting HTTP/2 GET https://localhost:7071/swagger - - 
2023-11-02 16:26:01.126 +01:00 INF Request finished HTTP/2 GET https://localhost:7071/swagger - - - 301 0 - 400.7596ms 
2023-11-02 16:26:01.142 +01:00 INF Request starting HTTP/2 GET https://localhost:7071/swagger/index.html - - 
2023-11-02 16:26:01.526 +01:00 INF Request finished HTTP/2 GET https://localhost:7071/swagger/index.html - - - 200 - text/html;charset=utf-8 383.4173ms 
2023-11-02 16:26:01.572 +01:00 INF Request starting HTTP/2 GET https://localhost:7071/_framework/aspnetcore-browser-refresh.js - - 
2023-11-02 16:26:01.572 +01:00 INF Request starting HTTP/2 GET https://localhost:7071/swagger/swagger-ui-standalone-preset.js - - 
2023-11-02 16:26:01.572 +01:00 INF Request starting HTTP/2 GET https://localhost:7071/swagger/swagger-ui-bundle.js - - 
2023-11-02 16:26:01.572 +01:00 INF Request starting HTTP/2 GET https://localhost:7071/swagger/swagger-ui.css - - 
2023-11-02 16:26:01.582 +01:00 INF Request finished HTTP/2 GET https://localhost:7071/_framework/aspnetcore-browser-refresh.js - - - 200 11994 application/javascript;+charset=utf-8 9.5077ms 
2023-11-02 16:26:01.737 +01:00 INF Sending file. Request path: '/swagger-ui.css'. Physical path: 'N/A' 
2023-11-02 16:26:01.738 +01:00 INF Sending file. Request path: '/swagger-ui-standalone-preset.js'. Physical path: 'N/A' 
2023-11-02 16:26:01.774 +01:00 INF Sending file. Request path: '/swagger-ui-bundle.js'. Physical path: 'N/A' 
2023-11-02 16:26:01.776 +01:00 INF Request finished HTTP/2 GET https://localhost:7071/swagger/swagger-ui.css - - - 200 143632 text/css 204.3856ms 
2023-11-02 16:26:01.835 +01:00 INF Request finished HTTP/2 GET https://localhost:7071/swagger/swagger-ui-standalone-preset.js - - - 200 337162 application/javascript 263.7572ms 
2023-11-02 16:26:01.844 +01:00 INF Request finished HTTP/2 GET https://localhost:7071/swagger/swagger-ui-bundle.js - - - 200 1092889 application/javascript 271.9805ms 
2023-11-02 16:26:02.223 +01:00 INF Request starting HTTP/2 GET https://localhost:7071/swagger/v1/swagger.json - - 
2023-11-02 16:26:02.724 +01:00 INF Request finished HTTP/2 GET https://localhost:7071/swagger/v1/swagger.json - - - 200 - application/json;charset=utf-8 500.3435ms 
2023-11-02 16:27:55.078 +01:00 INF Request starting HTTP/2 GET https://localhost:7071/swagger/index.html - - 
2023-11-02 16:27:55.104 +01:00 INF Request finished HTTP/2 GET https://localhost:7071/swagger/index.html - - - 200 - text/html;charset=utf-8 28.8287ms 
2023-11-02 16:27:55.143 +01:00 INF Request starting HTTP/2 GET https://localhost:7071/swagger/swagger-ui.css - - 
2023-11-02 16:27:55.162 +01:00 INF Request starting HTTP/2 GET https://localhost:7071/_framework/aspnetcore-browser-refresh.js - - 
2023-11-02 16:27:55.230 +01:00 INF Sending file. Request path: '/swagger-ui.css'. Physical path: 'N/A' 
2023-11-02 16:27:55.276 +01:00 INF Request finished HTTP/2 GET https://localhost:7071/_framework/aspnetcore-browser-refresh.js - - - 200 11994 application/javascript;+charset=utf-8 113.6396ms 
2023-11-02 16:27:55.286 +01:00 INF Request finished HTTP/2 GET https://localhost:7071/swagger/swagger-ui.css - - - 200 143632 text/css 142.8361ms 
2023-11-02 16:27:55.630 +01:00 INF Request starting HTTP/2 GET https://localhost:7071/swagger/v1/swagger.json - - 
2023-11-02 16:27:55.643 +01:00 INF Request finished HTTP/2 GET https://localhost:7071/swagger/v1/swagger.json - - - 200 - application/json;charset=utf-8 12.6707ms 
2023-11-02 16:27:55.656 +01:00 INF Request starting HTTP/2 GET https://localhost:7071/swagger/favicon-32x32.png - - 
2023-11-02 16:27:55.660 +01:00 INF Sending file. Request path: '/favicon-32x32.png'. Physical path: 'N/A' 
2023-11-02 16:27:55.683 +01:00 INF Request finished HTTP/2 GET https://localhost:7071/swagger/favicon-32x32.png - - - 200 628 image/png 26.8952ms 
2023-11-02 16:32:55.309 +01:00 INF Now listening on: https://localhost:7071 
2023-11-02 16:32:55.368 +01:00 INF Now listening on: http://localhost:5291 
2023-11-02 16:32:55.379 +01:00 INF Application started. Press Ctrl+C to shut down. 
2023-11-02 16:32:55.381 +01:00 INF Hosting environment: Development 
2023-11-02 16:32:55.382 +01:00 INF Content root path: C:\Users\Ogunleyeaad\source\repos\project\HealthcareMicroservice\src\Hospital\Hospital.API\ 
2023-11-02 16:32:58.110 +01:00 INF Request starting HTTP/2 GET https://localhost:7071/swagger - - 
2023-11-02 16:32:58.699 +01:00 INF Request finished HTTP/2 GET https://localhost:7071/swagger - - - 301 0 - 600.4436ms 
2023-11-02 16:32:58.883 +01:00 INF Request starting HTTP/2 GET https://localhost:7071/swagger/index.html - - 
2023-11-02 16:32:59.156 +01:00 INF Request finished HTTP/2 GET https://localhost:7071/swagger/index.html - - - 200 - text/html;charset=utf-8 272.5056ms 
2023-11-02 16:32:59.279 +01:00 INF Request starting HTTP/2 GET https://localhost:7071/swagger/swagger-ui.css - - 
2023-11-02 16:32:59.279 +01:00 INF Request starting HTTP/2 GET https://localhost:7071/swagger/swagger-ui-standalone-preset.js - - 
2023-11-02 16:32:59.281 +01:00 INF Request starting HTTP/2 GET https://localhost:7071/_framework/aspnetcore-browser-refresh.js - - 
2023-11-02 16:32:59.281 +01:00 INF Request starting HTTP/2 GET https://localhost:7071/swagger/swagger-ui-bundle.js - - 
2023-11-02 16:32:59.509 +01:00 INF Request finished HTTP/2 GET https://localhost:7071/_framework/aspnetcore-browser-refresh.js - - - 200 11994 application/javascript;+charset=utf-8 227.0957ms 
2023-11-02 16:32:59.668 +01:00 INF Sending file. Request path: '/swagger-ui.css'. Physical path: 'N/A' 
2023-11-02 16:32:59.668 +01:00 INF Sending file. Request path: '/swagger-ui-standalone-preset.js'. Physical path: 'N/A' 
2023-11-02 16:32:59.690 +01:00 INF Sending file. Request path: '/swagger-ui-bundle.js'. Physical path: 'N/A' 
2023-11-02 16:32:59.741 +01:00 INF Request finished HTTP/2 GET https://localhost:7071/swagger/swagger-ui-standalone-preset.js - - - 200 337162 application/javascript 461.6521ms 
2023-11-02 16:32:59.741 +01:00 INF Request finished HTTP/2 GET https://localhost:7071/swagger/swagger-ui-bundle.js - - - 200 1092889 application/javascript 462.0752ms 
2023-11-02 16:32:59.741 +01:00 INF Request finished HTTP/2 GET https://localhost:7071/swagger/swagger-ui.css - - - 200 143632 text/css 462.6026ms 
2023-11-02 16:33:00.132 +01:00 INF Request starting HTTP/2 GET https://localhost:7071/swagger/v1/swagger.json - - 
2023-11-02 16:33:00.560 +01:00 INF Request finished HTTP/2 GET https://localhost:7071/swagger/v1/swagger.json - - - 200 - application/json;charset=utf-8 427.3793ms 
2023-11-02 16:34:02.070 +01:00 INF Request starting HTTP/2 POST https://localhost:7071/api/Hospital/createhospital application/json 165 
2023-11-02 16:34:02.106 +01:00 INF Executing endpoint 'Hospital.API.Controllers.HospitalController.CreateHospital (Hospital.API)' 
2023-11-02 16:34:02.200 +01:00 INF Route matched with {action = "CreateHospital", controller = "Hospital"}. Executing controller action with signature System.Threading.Tasks.Task`1[Microsoft.AspNetCore.Mvc.ActionResult] CreateHospital(Hospital.Domain.DTOs.Request.HospitalForCreationDto) on controller Hospital.API.Controllers.HospitalController (Hospital.API). 
2023-11-02 16:34:09.550 +01:00 INF Inside the CreateHospitalAync 
2023-11-02 16:34:09.866 +01:00 INF payload to create a new hospital is Hospital.Domain.DTOs.Request.HospitalForCreationDto 
2023-11-02 16:34:13.426 +01:00 INF Entity Framework Core 3.1.18 initialized 'RepositoryContext' using provider 'Microsoft.EntityFrameworkCore.InMemory' with options: StoreName=InMem  
2023-11-02 16:34:17.811 +01:00 INF Sending POST request to "https://localhost:7082/api/UserHospital/createhospital" with Body {"HospitalId":"00000000-0000-0000-0000-000000000000","Name":"Luth Hospital","Description":"Good for everyone","Logo":"sample1.jpeg","PhoneNumber":"08108419461","Email":"adeolavictor618@yahoo.com","Staff":null,"Address":null,"Resources":null,"CreatedAt":"2023-11-02T15:34:10.5203717Z","UpdatedAt":null} 
2023-11-02 16:34:17.863 +01:00 INF Start processing HTTP request POST "https://localhost:7082/api/UserHospital/createhospital" 
2023-11-02 16:34:17.872 +01:00 INF Sending HTTP request POST "https://localhost:7082/api/UserHospital/createhospital" 
2023-11-02 16:35:05.349 +01:00 INF Received HTTP response headers after 47454.3907ms - 200 
2023-11-02 16:35:05.363 +01:00 INF End processing HTTP request after 47508.2594ms - 200 
2023-11-02 16:35:05.390 +01:00 INF Response from "https://localhost:7082/api/UserHospital/createhospital" is {"responseCode":"00","responseMessage":"Hospital Created successful","isSuccessful":true,"data":null} 
2023-11-02 16:35:05.548 +01:00 INF The response from the api is Hospital.Domain.DTOs.Response.ApiResponse 
2023-11-02 16:35:05.728 +01:00 INF Saved 1 entities to in-memory store. 
2023-11-02 16:35:05.761 +01:00 INF request saved in database 
2023-11-02 16:35:05.796 +01:00 INF Executing OkObjectResult, writing value of type 'Hospital.Application.Utility.GenericResponse`1[[System.String, System.Private.CoreLib, Version=6.0.0.0, Culture=neutral, PublicKeyToken=7cec85d7bea7798e]]'. 
2023-11-02 16:35:05.844 +01:00 INF Executed action Hospital.API.Controllers.HospitalController.CreateHospital (Hospital.API) in 63605.8964ms 
2023-11-02 16:35:05.853 +01:00 INF Executed endpoint 'Hospital.API.Controllers.HospitalController.CreateHospital (Hospital.API)' 
2023-11-02 16:35:05.868 +01:00 INF Request finished HTTP/2 POST https://localhost:7071/api/Hospital/createhospital application/json 165 - 200 - application/json;+charset=utf-8 63797.8542ms 
2023-11-02 16:45:26.586 +01:00 INF Request starting HTTP/2 GET https://localhost:7071/api/Hospital/getallhospital - - 
2023-11-02 16:45:26.630 +01:00 INF Executing endpoint 'Hospital.API.Controllers.HospitalController.GetAllHospitals (Hospital.API)' 
2023-11-02 16:45:26.682 +01:00 INF Route matched with {action = "GetAllHospitals", controller = "Hospital"}. Executing controller action with signature System.Threading.Tasks.Task`1[Microsoft.AspNetCore.Mvc.ActionResult] GetAllHospitals() on controller Hospital.API.Controllers.HospitalController (Hospital.API). 
2023-11-02 16:45:26.724 +01:00 INF Inside the GetAllHospitalsAsync 
2023-11-02 16:45:26.930 +01:00 INF Entity Framework Core 3.1.18 initialized 'RepositoryContext' using provider 'Microsoft.EntityFrameworkCore.InMemory' with options: StoreName=InMem  
2023-11-02 16:45:28.059 +01:00 INF Executing OkObjectResult, writing value of type 'Hospital.Application.Utility.GenericResponse`1[[System.Collections.Generic.IEnumerable`1[[Hospital.Domain.DTOs.Response.GetHospitalResponse, Hospital.Domain, Version=1.0.0.0, Culture=neutral, PublicKeyToken=null]], System.Private.CoreLib, Version=6.0.0.0, Culture=neutral, PublicKeyToken=7cec85d7bea7798e]]'. 
2023-11-02 16:45:28.086 +01:00 INF Executed action Hospital.API.Controllers.HospitalController.GetAllHospitals (Hospital.API) in 1389.301ms 
2023-11-02 16:45:28.093 +01:00 INF Executed endpoint 'Hospital.API.Controllers.HospitalController.GetAllHospitals (Hospital.API)' 
2023-11-02 16:45:28.097 +01:00 INF Request finished HTTP/2 GET https://localhost:7071/api/Hospital/getallhospital - - - 200 - application/json;+charset=utf-8 1514.4633ms 
2023-11-02 16:55:53.547 +01:00 INF Request starting HTTP/2 POST https://localhost:7071/api/Hospital/createhospital application/json 165 
2023-11-02 16:55:53.553 +01:00 INF Executing endpoint 'Hospital.API.Controllers.HospitalController.CreateHospital (Hospital.API)' 
2023-11-02 16:55:53.561 +01:00 INF Route matched with {action = "CreateHospital", controller = "Hospital"}. Executing controller action with signature System.Threading.Tasks.Task`1[Microsoft.AspNetCore.Mvc.ActionResult] CreateHospital(Hospital.Domain.DTOs.Request.HospitalForCreationDto) on controller Hospital.API.Controllers.HospitalController (Hospital.API). 
2023-11-02 16:55:59.274 +01:00 INF Inside the CreateHospitalAync 
2023-11-02 16:55:59.278 +01:00 INF payload to create a new hospital is Hospital.Domain.DTOs.Request.HospitalForCreationDto 
2023-11-02 16:55:59.310 +01:00 INF Entity Framework Core 3.1.18 initialized 'RepositoryContext' using provider 'Microsoft.EntityFrameworkCore.InMemory' with options: StoreName=InMem  
2023-11-02 16:55:59.334 +01:00 INF Sending POST request to "https://localhost:7082/api/UserHospital/createhospital" with Body {"HospitalId":"00000000-0000-0000-0000-000000000000","Name":"Luth Hospital","Description":"Good for everyone","Logo":"sample1.jpeg","PhoneNumber":"08108419461","Email":"adeolavictor618@yahoo.com","Staff":null,"Address":null,"Resources":null,"CreatedAt":"2023-11-02T15:55:59.2850524Z","UpdatedAt":null} 
2023-11-02 16:55:59.350 +01:00 INF Start processing HTTP request POST "https://localhost:7082/api/UserHospital/createhospital" 
2023-11-02 16:55:59.354 +01:00 INF Sending HTTP request POST "https://localhost:7082/api/UserHospital/createhospital" 
2023-11-02 16:56:17.036 +01:00 INF Received HTTP response headers after 17679.2251ms - 200 
2023-11-02 16:56:17.041 +01:00 INF End processing HTTP request after 17691.8718ms - 200 
2023-11-02 16:56:17.054 +01:00 INF Response from "https://localhost:7082/api/UserHospital/createhospital" is {"responseCode":"99","responseMessage":"Hospital already exist","isSuccessful":true,"data":null} 
2023-11-02 16:56:17.060 +01:00 INF The response from the api is Hospital.Domain.DTOs.Response.ApiResponse 
2023-11-02 16:56:17.533 +01:00 ERR An exception occurred in the database while saving changes for context type 'Hospital.Infrastructure.Implementation.Repository.RepositoryContext'.
System.ArgumentException: An item with the same key has already been added. Key: 00000000-0000-0000-0000-000000000000
   at System.Collections.Generic.Dictionary`2.TryInsert(TKey key, TValue value, InsertionBehavior behavior)
   at Microsoft.EntityFrameworkCore.InMemory.Storage.Internal.InMemoryTable`1.Create(IUpdateEntry entry)
   at Microsoft.EntityFrameworkCore.InMemory.Storage.Internal.InMemoryStore.ExecuteTransaction(IList`1 entries, IDiagnosticsLogger`1 updateLogger)
   at Microsoft.EntityFrameworkCore.InMemory.Storage.Internal.InMemoryDatabase.SaveChangesAsync(IList`1 entries, CancellationToken cancellationToken)
   at Microsoft.EntityFrameworkCore.ChangeTracking.Internal.StateManager.SaveChangesAsync(IList`1 entriesToSave, CancellationToken cancellationToken)
   at Microsoft.EntityFrameworkCore.ChangeTracking.Internal.StateManager.SaveChangesAsync(DbContext _, Boolean acceptAllChangesOnSuccess, CancellationToken cancellationToken)
   at Microsoft.EntityFrameworkCore.DbContext.SaveChangesAsync(Boolean acceptAllChangesOnSuccess, CancellationToken cancellationToken) System.ArgumentException: An item with the same key has already been added. Key: 00000000-0000-0000-0000-000000000000
   at System.Collections.Generic.Dictionary`2.TryInsert(TKey key, TValue value, InsertionBehavior behavior)
   at Microsoft.EntityFrameworkCore.InMemory.Storage.Internal.InMemoryTable`1.Create(IUpdateEntry entry)
   at Microsoft.EntityFrameworkCore.InMemory.Storage.Internal.InMemoryStore.ExecuteTransaction(IList`1 entries, IDiagnosticsLogger`1 updateLogger)
   at Microsoft.EntityFrameworkCore.InMemory.Storage.Internal.InMemoryDatabase.SaveChangesAsync(IList`1 entries, CancellationToken cancellationToken)
   at Microsoft.EntityFrameworkCore.ChangeTracking.Internal.StateManager.SaveChangesAsync(IList`1 entriesToSave, CancellationToken cancellationToken)
   at Microsoft.EntityFrameworkCore.ChangeTracking.Internal.StateManager.SaveChangesAsync(DbContext _, Boolean acceptAllChangesOnSuccess, CancellationToken cancellationToken)
   at Microsoft.EntityFrameworkCore.DbContext.SaveChangesAsync(Boolean acceptAllChangesOnSuccess, CancellationToken cancellationToken)

2023-11-02 16:56:17.689 +01:00 ERR Error occur while creating a new hospital. Error message : An item with the same key has already been added. Key: 00000000-0000-0000-0000-000000000000 
2023-11-02 16:56:17.691 +01:00 INF Executing OkObjectResult, writing value of type 'Hospital.Application.Utility.GenericResponse`1[[System.String, System.Private.CoreLib, Version=6.0.0.0, Culture=neutral, PublicKeyToken=7cec85d7bea7798e]]'. 
2023-11-02 16:56:17.693 +01:00 INF Executed action Hospital.API.Controllers.HospitalController.CreateHospital (Hospital.API) in 24126.7878ms 
2023-11-02 16:56:17.696 +01:00 INF Executed endpoint 'Hospital.API.Controllers.HospitalController.CreateHospital (Hospital.API)' 
2023-11-02 16:56:17.698 +01:00 INF Request finished HTTP/2 POST https://localhost:7071/api/Hospital/createhospital application/json 165 - 200 - application/json;+charset=utf-8 24151.3027ms 
2023-11-02 16:56:29.534 +01:00 INF Request starting HTTP/2 POST https://localhost:7071/api/Hospital/createhospital application/json 165 
2023-11-02 16:56:29.537 +01:00 INF Executing endpoint 'Hospital.API.Controllers.HospitalController.CreateHospital (Hospital.API)' 
2023-11-02 16:56:29.539 +01:00 INF Route matched with {action = "CreateHospital", controller = "Hospital"}. Executing controller action with signature System.Threading.Tasks.Task`1[Microsoft.AspNetCore.Mvc.ActionResult] CreateHospital(Hospital.Domain.DTOs.Request.HospitalForCreationDto) on controller Hospital.API.Controllers.HospitalController (Hospital.API). 
2023-11-02 16:56:37.796 +01:00 INF Inside the CreateHospitalAync 
2023-11-02 16:56:37.862 +01:00 INF payload to create a new hospital is Hospital.Domain.DTOs.Request.HospitalForCreationDto 
2023-11-02 16:56:37.870 +01:00 INF Entity Framework Core 3.1.18 initialized 'RepositoryContext' using provider 'Microsoft.EntityFrameworkCore.InMemory' with options: StoreName=InMem  
2023-11-02 16:56:37.877 +01:00 INF Sending POST request to "https://localhost:7082/api/UserHospital/createhospital" with Body {"HospitalId":"00000000-0000-0000-0000-000000000000","Name":"Luth Hospital","Description":"Good for everyone","Logo":"sample1.jpeg","PhoneNumber":"08108419461","Email":"adeolavictor618@yahoo.com","Staff":null,"Address":null,"Resources":null,"CreatedAt":"2023-11-02T15:56:37.8689758Z","UpdatedAt":null} 
2023-11-02 16:56:37.880 +01:00 INF Start processing HTTP request POST "https://localhost:7082/api/UserHospital/createhospital" 
2023-11-02 16:56:37.884 +01:00 INF Sending HTTP request POST "https://localhost:7082/api/UserHospital/createhospital" 
2023-11-02 16:57:17.857 +01:00 INF Received HTTP response headers after 39963.661ms - 200 
2023-11-02 16:57:17.859 +01:00 INF End processing HTTP request after 39978.6938ms - 200 
2023-11-02 16:57:17.861 +01:00 INF Response from "https://localhost:7082/api/UserHospital/createhospital" is {"responseCode":"99","responseMessage":"Hospital already exist","isSuccessful":true,"data":null} 
2023-11-02 16:57:17.864 +01:00 INF The response from the api is Hospital.Domain.DTOs.Response.ApiResponse 
2023-11-02 16:57:17.867 +01:00 ERR An exception occurred in the database while saving changes for context type 'Hospital.Infrastructure.Implementation.Repository.RepositoryContext'.
System.ArgumentException: An item with the same key has already been added. Key: 00000000-0000-0000-0000-000000000000
   at System.Collections.Generic.Dictionary`2.TryInsert(TKey key, TValue value, InsertionBehavior behavior)
   at Microsoft.EntityFrameworkCore.InMemory.Storage.Internal.InMemoryTable`1.Create(IUpdateEntry entry)
   at Microsoft.EntityFrameworkCore.InMemory.Storage.Internal.InMemoryStore.ExecuteTransaction(IList`1 entries, IDiagnosticsLogger`1 updateLogger)
   at Microsoft.EntityFrameworkCore.InMemory.Storage.Internal.InMemoryDatabase.SaveChangesAsync(IList`1 entries, CancellationToken cancellationToken)
   at Microsoft.EntityFrameworkCore.ChangeTracking.Internal.StateManager.SaveChangesAsync(IList`1 entriesToSave, CancellationToken cancellationToken)
   at Microsoft.EntityFrameworkCore.ChangeTracking.Internal.StateManager.SaveChangesAsync(DbContext _, Boolean acceptAllChangesOnSuccess, CancellationToken cancellationToken)
   at Microsoft.EntityFrameworkCore.DbContext.SaveChangesAsync(Boolean acceptAllChangesOnSuccess, CancellationToken cancellationToken) System.ArgumentException: An item with the same key has already been added. Key: 00000000-0000-0000-0000-000000000000
   at System.Collections.Generic.Dictionary`2.TryInsert(TKey key, TValue value, InsertionBehavior behavior)
   at Microsoft.EntityFrameworkCore.InMemory.Storage.Internal.InMemoryTable`1.Create(IUpdateEntry entry)
   at Microsoft.EntityFrameworkCore.InMemory.Storage.Internal.InMemoryStore.ExecuteTransaction(IList`1 entries, IDiagnosticsLogger`1 updateLogger)
   at Microsoft.EntityFrameworkCore.InMemory.Storage.Internal.InMemoryDatabase.SaveChangesAsync(IList`1 entries, CancellationToken cancellationToken)
   at Microsoft.EntityFrameworkCore.ChangeTracking.Internal.StateManager.SaveChangesAsync(IList`1 entriesToSave, CancellationToken cancellationToken)
   at Microsoft.EntityFrameworkCore.ChangeTracking.Internal.StateManager.SaveChangesAsync(DbContext _, Boolean acceptAllChangesOnSuccess, CancellationToken cancellationToken)
   at Microsoft.EntityFrameworkCore.DbContext.SaveChangesAsync(Boolean acceptAllChangesOnSuccess, CancellationToken cancellationToken)

2023-11-02 16:57:17.957 +01:00 ERR Error occur while creating a new hospital. Error message : An item with the same key has already been added. Key: 00000000-0000-0000-0000-000000000000 
2023-11-02 16:57:17.961 +01:00 INF Executing OkObjectResult, writing value of type 'Hospital.Application.Utility.GenericResponse`1[[System.String, System.Private.CoreLib, Version=6.0.0.0, Culture=neutral, PublicKeyToken=7cec85d7bea7798e]]'. 
2023-11-02 16:57:17.966 +01:00 INF Executed action Hospital.API.Controllers.HospitalController.CreateHospital (Hospital.API) in 48413.5908ms 
2023-11-02 16:57:17.968 +01:00 INF Executed endpoint 'Hospital.API.Controllers.HospitalController.CreateHospital (Hospital.API)' 
2023-11-02 16:57:17.970 +01:00 INF Request finished HTTP/2 POST https://localhost:7071/api/Hospital/createhospital application/json 165 - 200 - application/json;+charset=utf-8 48437.0175ms 
2023-11-02 17:04:15.533 +01:00 INF Now listening on: https://localhost:7071 
2023-11-02 17:04:15.639 +01:00 INF Now listening on: http://localhost:5291 
2023-11-02 17:04:15.648 +01:00 INF Application started. Press Ctrl+C to shut down. 
2023-11-02 17:04:15.650 +01:00 INF Hosting environment: Development 
2023-11-02 17:04:15.651 +01:00 INF Content root path: C:\Users\Ogunleyeaad\source\repos\project\HealthcareMicroservice\src\Hospital\Hospital.API\ 
2023-11-02 17:04:17.254 +01:00 INF Request starting HTTP/2 GET https://localhost:7071/swagger - - 
2023-11-02 17:04:17.451 +01:00 INF Request finished HTTP/2 GET https://localhost:7071/swagger - - - 301 0 - 205.8379ms 
2023-11-02 17:04:17.455 +01:00 INF Request starting HTTP/2 GET https://localhost:7071/swagger/index.html - - 
2023-11-02 17:04:17.638 +01:00 INF Request finished HTTP/2 GET https://localhost:7071/swagger/index.html - - - 200 - text/html;charset=utf-8 183.2635ms 
2023-11-02 17:04:17.665 +01:00 INF Request starting HTTP/2 GET https://localhost:7071/swagger/swagger-ui.css - - 
2023-11-02 17:04:17.670 +01:00 INF Request starting HTTP/2 GET https://localhost:7071/_framework/aspnetcore-browser-refresh.js - - 
2023-11-02 17:04:17.670 +01:00 INF Request starting HTTP/2 GET https://localhost:7071/swagger/swagger-ui-standalone-preset.js - - 
2023-11-02 17:04:17.670 +01:00 INF Request starting HTTP/2 GET https://localhost:7071/swagger/swagger-ui-bundle.js - - 
2023-11-02 17:04:17.680 +01:00 INF Request finished HTTP/2 GET https://localhost:7071/_framework/aspnetcore-browser-refresh.js - - - 200 11994 application/javascript;+charset=utf-8 9.3017ms 
2023-11-02 17:04:17.772 +01:00 INF Sending file. Request path: '/swagger-ui.css'. Physical path: 'N/A' 
2023-11-02 17:04:17.772 +01:00 INF Sending file. Request path: '/swagger-ui-standalone-preset.js'. Physical path: 'N/A' 
2023-11-02 17:04:17.773 +01:00 INF Sending file. Request path: '/swagger-ui-bundle.js'. Physical path: 'N/A' 
2023-11-02 17:04:17.784 +01:00 INF Request finished HTTP/2 GET https://localhost:7071/swagger/swagger-ui.css - - - 200 143632 text/css 119.2066ms 
2023-11-02 17:04:17.784 +01:00 INF Request finished HTTP/2 GET https://localhost:7071/swagger/swagger-ui-bundle.js - - - 200 1092889 application/javascript 113.6633ms 
2023-11-02 17:04:17.784 +01:00 INF Request finished HTTP/2 GET https://localhost:7071/swagger/swagger-ui-standalone-preset.js - - - 200 337162 application/javascript 114.0984ms 
2023-11-02 17:04:17.967 +01:00 INF Request starting HTTP/2 GET https://localhost:7071/swagger/v1/swagger.json - - 
2023-11-02 17:04:18.258 +01:00 INF Request finished HTTP/2 GET https://localhost:7071/swagger/v1/swagger.json - - - 200 - application/json;charset=utf-8 291.1746ms 
2023-11-02 17:06:52.407 +01:00 INF Request starting HTTP/2 POST https://localhost:7071/api/Hospital/createhospital application/json 156 
2023-11-02 17:06:52.452 +01:00 INF Executing endpoint 'Hospital.API.Controllers.HospitalController.CreateHospital (Hospital.API)' 
2023-11-02 17:06:52.526 +01:00 INF Route matched with {action = "CreateHospital", controller = "Hospital"}. Executing controller action with signature System.Threading.Tasks.Task`1[Microsoft.AspNetCore.Mvc.ActionResult] CreateHospital(Hospital.Domain.DTOs.Request.HospitalForCreationDto) on controller Hospital.API.Controllers.HospitalController (Hospital.API). 
2023-11-02 17:07:05.509 +01:00 INF Inside the CreateHospitalAync 
2023-11-02 17:07:05.512 +01:00 INF payload to create a new hospital is Hospital.Domain.DTOs.Request.HospitalForCreationDto 
2023-11-02 17:07:06.741 +01:00 INF Entity Framework Core 3.1.18 initialized 'RepositoryContext' using provider 'Microsoft.EntityFrameworkCore.InMemory' with options: StoreName=InMem  
2023-11-02 17:07:07.445 +01:00 INF Sending POST request to "https://localhost:7082/api/UserHospital/createhospital" with Body {"HospitalId":"00000000-0000-0000-0000-000000000000","Name":"yoga","Description":"Good for everyone","Logo":"sample2.jpeg","PhoneNumber":"08108419461","Email":"adeolavictor618@yahoo.com"} 
2023-11-02 17:07:07.480 +01:00 INF Start processing HTTP request POST "https://localhost:7082/api/UserHospital/createhospital" 
2023-11-02 17:07:07.484 +01:00 INF Sending HTTP request POST "https://localhost:7082/api/UserHospital/createhospital" 
2023-11-02 17:07:27.597 +01:00 INF Received HTTP response headers after 20097.4792ms - 200 
2023-11-02 17:07:27.604 +01:00 INF End processing HTTP request after 20131.0546ms - 200 
2023-11-02 17:07:27.621 +01:00 INF Response from "https://localhost:7082/api/UserHospital/createhospital" is {"responseCode":"00","responseMessage":"Hospital Created successful","isSuccessful":true,"data":null} 
2023-11-02 17:07:27.740 +01:00 INF The response from the api is Hospital.Domain.DTOs.Response.ApiResponse 
2023-11-02 17:07:27.873 +01:00 INF Saved 1 entities to in-memory store. 
2023-11-02 17:07:27.889 +01:00 INF request saved in database 
2023-11-02 17:07:27.907 +01:00 INF Executing OkObjectResult, writing value of type 'Hospital.Application.Utility.GenericResponse`1[[System.String, System.Private.CoreLib, Version=6.0.0.0, Culture=neutral, PublicKeyToken=7cec85d7bea7798e]]'. 
2023-11-02 17:07:27.941 +01:00 INF Executed action Hospital.API.Controllers.HospitalController.CreateHospital (Hospital.API) in 35390.6269ms 
2023-11-02 17:07:27.947 +01:00 INF Executed endpoint 'Hospital.API.Controllers.HospitalController.CreateHospital (Hospital.API)' 
2023-11-02 17:07:27.958 +01:00 INF Request finished HTTP/2 POST https://localhost:7071/api/Hospital/createhospital application/json 156 - 200 - application/json;+charset=utf-8 35550.2954ms 
2023-11-02 17:07:43.036 +01:00 INF Request starting HTTP/2 GET https://localhost:7071/api/Hospital/getallhospital - - 
2023-11-02 17:07:43.047 +01:00 INF Executing endpoint 'Hospital.API.Controllers.HospitalController.GetAllHospitals (Hospital.API)' 
2023-11-02 17:07:43.056 +01:00 INF Route matched with {action = "GetAllHospitals", controller = "Hospital"}. Executing controller action with signature System.Threading.Tasks.Task`1[Microsoft.AspNetCore.Mvc.ActionResult] GetAllHospitals() on controller Hospital.API.Controllers.HospitalController (Hospital.API). 
2023-11-02 17:07:48.077 +01:00 INF Inside the GetAllHospitalsAsync 
2023-11-02 17:07:48.135 +01:00 INF Entity Framework Core 3.1.18 initialized 'RepositoryContext' using provider 'Microsoft.EntityFrameworkCore.InMemory' with options: StoreName=InMem  
2023-11-02 17:07:48.810 +01:00 INF Executing OkObjectResult, writing value of type 'Hospital.Application.Utility.GenericResponse`1[[System.Collections.Generic.IEnumerable`1[[Hospital.Domain.DTOs.Response.GetHospitalResponse, Hospital.Domain, Version=1.0.0.0, Culture=neutral, PublicKeyToken=null]], System.Private.CoreLib, Version=6.0.0.0, Culture=neutral, PublicKeyToken=7cec85d7bea7798e]]'. 
2023-11-02 17:07:48.821 +01:00 INF Executed action Hospital.API.Controllers.HospitalController.GetAllHospitals (Hospital.API) in 5761.911ms 
2023-11-02 17:07:48.823 +01:00 INF Executed endpoint 'Hospital.API.Controllers.HospitalController.GetAllHospitals (Hospital.API)' 
2023-11-02 17:07:48.826 +01:00 INF Request finished HTTP/2 GET https://localhost:7071/api/Hospital/getallhospital - - - 200 - application/json;+charset=utf-8 5790.2179ms 
2023-11-02 17:08:03.164 +01:00 INF Request starting HTTP/2 GET https://localhost:7071/api/Hospital/getallhospital - - 
2023-11-02 17:08:03.175 +01:00 INF Executing endpoint 'Hospital.API.Controllers.HospitalController.GetAllHospitals (Hospital.API)' 
2023-11-02 17:08:03.178 +01:00 INF Route matched with {action = "GetAllHospitals", controller = "Hospital"}. Executing controller action with signature System.Threading.Tasks.Task`1[Microsoft.AspNetCore.Mvc.ActionResult] GetAllHospitals() on controller Hospital.API.Controllers.HospitalController (Hospital.API). 
2023-11-02 17:08:10.580 +01:00 INF Inside the GetAllHospitalsAsync 
2023-11-02 17:08:11.528 +01:00 INF Entity Framework Core 3.1.18 initialized 'RepositoryContext' using provider 'Microsoft.EntityFrameworkCore.InMemory' with options: StoreName=InMem  
2023-11-02 17:09:02.426 +01:00 INF Executing OkObjectResult, writing value of type 'Hospital.Application.Utility.GenericResponse`1[[System.Collections.Generic.IEnumerable`1[[Hospital.Domain.DTOs.Response.GetHospitalResponse, Hospital.Domain, Version=1.0.0.0, Culture=neutral, PublicKeyToken=null]], System.Private.CoreLib, Version=6.0.0.0, Culture=neutral, PublicKeyToken=7cec85d7bea7798e]]'. 
2023-11-02 17:09:02.438 +01:00 INF Executed action Hospital.API.Controllers.HospitalController.GetAllHospitals (Hospital.API) in 59255.5414ms 
2023-11-02 17:09:02.441 +01:00 INF Executed endpoint 'Hospital.API.Controllers.HospitalController.GetAllHospitals (Hospital.API)' 
2023-11-02 17:09:02.450 +01:00 INF Request finished HTTP/2 GET https://localhost:7071/api/Hospital/getallhospital - - - 200 - application/json;+charset=utf-8 59286.1892ms 
2023-11-02 17:09:24.880 +01:00 INF Request starting HTTP/2 POST https://localhost:7071/api/Hospital/createhospital application/json 156 
2023-11-02 17:09:24.898 +01:00 INF Executing endpoint 'Hospital.API.Controllers.HospitalController.CreateHospital (Hospital.API)' 
2023-11-02 17:09:24.903 +01:00 INF Route matched with {action = "CreateHospital", controller = "Hospital"}. Executing controller action with signature System.Threading.Tasks.Task`1[Microsoft.AspNetCore.Mvc.ActionResult] CreateHospital(Hospital.Domain.DTOs.Request.HospitalForCreationDto) on controller Hospital.API.Controllers.HospitalController (Hospital.API). 
2023-11-02 17:09:31.022 +01:00 INF Inside the CreateHospitalAync 
2023-11-02 17:09:31.026 +01:00 INF payload to create a new hospital is Hospital.Domain.DTOs.Request.HospitalForCreationDto 
2023-11-02 17:09:31.028 +01:00 INF Entity Framework Core 3.1.18 initialized 'RepositoryContext' using provider 'Microsoft.EntityFrameworkCore.InMemory' with options: StoreName=InMem  
2023-11-02 17:09:31.032 +01:00 INF Sending POST request to "https://localhost:7082/api/UserHospital/createhospital" with Body {"HospitalId":"00000000-0000-0000-0000-000000000000","Name":"yoga","Description":"Good for everyone","Logo":"sample2.jpeg","PhoneNumber":"08108419461","Email":"adeolavictor618@yahoo.com"} 
2023-11-02 17:09:31.034 +01:00 INF Start processing HTTP request POST "https://localhost:7082/api/UserHospital/createhospital" 
2023-11-02 17:09:31.036 +01:00 INF Sending HTTP request POST "https://localhost:7082/api/UserHospital/createhospital" 
2023-11-02 17:09:32.639 +01:00 INF Received HTTP response headers after 1598.0882ms - 200 
2023-11-02 17:09:32.642 +01:00 INF End processing HTTP request after 1607.9226ms - 200 
2023-11-02 17:09:32.644 +01:00 INF Response from "https://localhost:7082/api/UserHospital/createhospital" is {"responseCode":"99","responseMessage":"Hospital already exist","isSuccessful":true,"data":null} 
2023-11-02 17:09:32.646 +01:00 INF The response from the api is Hospital.Domain.DTOs.Response.ApiResponse 
2023-11-02 17:09:32.755 +01:00 ERR An exception occurred in the database while saving changes for context type 'Hospital.Infrastructure.Implementation.Repository.RepositoryContext'.
System.ArgumentException: An item with the same key has already been added. Key: 00000000-0000-0000-0000-000000000000
   at System.Collections.Generic.Dictionary`2.TryInsert(TKey key, TValue value, InsertionBehavior behavior)
   at Microsoft.EntityFrameworkCore.InMemory.Storage.Internal.InMemoryTable`1.Create(IUpdateEntry entry)
   at Microsoft.EntityFrameworkCore.InMemory.Storage.Internal.InMemoryStore.ExecuteTransaction(IList`1 entries, IDiagnosticsLogger`1 updateLogger)
   at Microsoft.EntityFrameworkCore.InMemory.Storage.Internal.InMemoryDatabase.SaveChangesAsync(IList`1 entries, CancellationToken cancellationToken)
   at Microsoft.EntityFrameworkCore.ChangeTracking.Internal.StateManager.SaveChangesAsync(IList`1 entriesToSave, CancellationToken cancellationToken)
   at Microsoft.EntityFrameworkCore.ChangeTracking.Internal.StateManager.SaveChangesAsync(DbContext _, Boolean acceptAllChangesOnSuccess, CancellationToken cancellationToken)
   at Microsoft.EntityFrameworkCore.DbContext.SaveChangesAsync(Boolean acceptAllChangesOnSuccess, CancellationToken cancellationToken) System.ArgumentException: An item with the same key has already been added. Key: 00000000-0000-0000-0000-000000000000
   at System.Collections.Generic.Dictionary`2.TryInsert(TKey key, TValue value, InsertionBehavior behavior)
   at Microsoft.EntityFrameworkCore.InMemory.Storage.Internal.InMemoryTable`1.Create(IUpdateEntry entry)
   at Microsoft.EntityFrameworkCore.InMemory.Storage.Internal.InMemoryStore.ExecuteTransaction(IList`1 entries, IDiagnosticsLogger`1 updateLogger)
   at Microsoft.EntityFrameworkCore.InMemory.Storage.Internal.InMemoryDatabase.SaveChangesAsync(IList`1 entries, CancellationToken cancellationToken)
   at Microsoft.EntityFrameworkCore.ChangeTracking.Internal.StateManager.SaveChangesAsync(IList`1 entriesToSave, CancellationToken cancellationToken)
   at Microsoft.EntityFrameworkCore.ChangeTracking.Internal.StateManager.SaveChangesAsync(DbContext _, Boolean acceptAllChangesOnSuccess, CancellationToken cancellationToken)
   at Microsoft.EntityFrameworkCore.DbContext.SaveChangesAsync(Boolean acceptAllChangesOnSuccess, CancellationToken cancellationToken)

2023-11-02 17:09:32.865 +01:00 ERR Error occur while creating a new hospital. Error message : An item with the same key has already been added. Key: 00000000-0000-0000-0000-000000000000 
2023-11-02 17:09:32.868 +01:00 INF Executing OkObjectResult, writing value of type 'Hospital.Application.Utility.GenericResponse`1[[System.String, System.Private.CoreLib, Version=6.0.0.0, Culture=neutral, PublicKeyToken=7cec85d7bea7798e]]'. 
2023-11-02 17:09:32.873 +01:00 INF Executed action Hospital.API.Controllers.HospitalController.CreateHospital (Hospital.API) in 7958.1828ms 
2023-11-02 17:09:32.876 +01:00 INF Executed endpoint 'Hospital.API.Controllers.HospitalController.CreateHospital (Hospital.API)' 
2023-11-02 17:09:32.878 +01:00 INF Request finished HTTP/2 POST https://localhost:7071/api/Hospital/createhospital application/json 156 - 200 - application/json;+charset=utf-8 7997.2673ms 
2023-11-02 17:09:38.706 +01:00 INF Request starting HTTP/2 POST https://localhost:7071/api/Hospital/createhospital application/json 156 
2023-11-02 17:09:38.719 +01:00 INF Executing endpoint 'Hospital.API.Controllers.HospitalController.CreateHospital (Hospital.API)' 
2023-11-02 17:09:38.725 +01:00 INF Route matched with {action = "CreateHospital", controller = "Hospital"}. Executing controller action with signature System.Threading.Tasks.Task`1[Microsoft.AspNetCore.Mvc.ActionResult] CreateHospital(Hospital.Domain.DTOs.Request.HospitalForCreationDto) on controller Hospital.API.Controllers.HospitalController (Hospital.API). 
2023-11-02 17:09:46.115 +01:00 INF Inside the CreateHospitalAync 
2023-11-02 17:09:46.118 +01:00 INF payload to create a new hospital is Hospital.Domain.DTOs.Request.HospitalForCreationDto 
2023-11-02 17:09:46.124 +01:00 INF Entity Framework Core 3.1.18 initialized 'RepositoryContext' using provider 'Microsoft.EntityFrameworkCore.InMemory' with options: StoreName=InMem  
2023-11-02 17:09:46.139 +01:00 INF Sending POST request to "https://localhost:7082/api/UserHospital/createhospital" with Body {"HospitalId":"00000000-0000-0000-0000-000000000000","Name":"yoga","Description":"Good for everyone","Logo":"sample2.jpeg","PhoneNumber":"08108419461","Email":"adeolavictor618@yahoo.com"} 
2023-11-02 17:09:46.148 +01:00 INF Start processing HTTP request POST "https://localhost:7082/api/UserHospital/createhospital" 
2023-11-02 17:09:46.150 +01:00 INF Sending HTTP request POST "https://localhost:7082/api/UserHospital/createhospital" 
2023-11-02 17:13:59.671 +01:00 ERR Error occur while creating a new hospital. Error message : The request was canceled due to the configured HttpClient.Timeout of 100 seconds elapsing. 
2023-11-02 17:13:59.679 +01:00 INF Executing OkObjectResult, writing value of type 'Hospital.Application.Utility.GenericResponse`1[[System.String, System.Private.CoreLib, Version=6.0.0.0, Culture=neutral, PublicKeyToken=7cec85d7bea7798e]]'. 
2023-11-02 17:13:59.683 +01:00 INF Executed action Hospital.API.Controllers.HospitalController.CreateHospital (Hospital.API) in 260953.2364ms 
2023-11-02 17:13:59.686 +01:00 INF Executed endpoint 'Hospital.API.Controllers.HospitalController.CreateHospital (Hospital.API)' 
2023-11-02 17:13:59.688 +01:00 INF Request finished HTTP/2 POST https://localhost:7071/api/Hospital/createhospital application/json 156 - 200 - application/json;+charset=utf-8 260982.6259ms 
2023-11-02 17:14:00.671 +01:00 INF Request starting HTTP/2 GET https://localhost:7071/swagger/index.html - - 
2023-11-02 17:14:00.754 +01:00 INF Request finished HTTP/2 GET https://localhost:7071/swagger/index.html - - - 200 - text/html;charset=utf-8 82.7808ms 
2023-11-02 17:14:00.833 +01:00 INF Request starting HTTP/2 GET https://localhost:7071/swagger/swagger-ui.css - - 
2023-11-02 17:14:00.833 +01:00 INF Request starting HTTP/2 GET https://localhost:7071/_framework/aspnetcore-browser-refresh.js - - 
2023-11-02 17:14:00.874 +01:00 INF Sending file. Request path: '/swagger-ui.css'. Physical path: 'N/A' 
2023-11-02 17:14:00.894 +01:00 INF Request finished HTTP/2 GET https://localhost:7071/_framework/aspnetcore-browser-refresh.js - - - 200 11994 application/javascript;+charset=utf-8 60.4514ms 
2023-11-02 17:14:01.106 +01:00 INF Request finished HTTP/2 GET https://localhost:7071/swagger/swagger-ui.css - - - 200 143632 text/css 273.2621ms 
2023-11-02 17:14:01.475 +01:00 INF Request starting HTTP/2 GET https://localhost:7071/swagger/v1/swagger.json - - 
2023-11-02 17:14:01.475 +01:00 INF Request starting HTTP/2 GET https://localhost:7071/swagger/favicon-32x32.png - - 
2023-11-02 17:14:01.483 +01:00 INF Sending file. Request path: '/favicon-32x32.png'. Physical path: 'N/A' 
2023-11-02 17:14:01.486 +01:00 INF Request finished HTTP/2 GET https://localhost:7071/swagger/favicon-32x32.png - - - 200 628 image/png 10.9214ms 
2023-11-02 17:14:01.487 +01:00 INF Request finished HTTP/2 GET https://localhost:7071/swagger/v1/swagger.json - - - 200 - application/json;charset=utf-8 11.2059ms 
2023-11-02 17:15:23.133 +01:00 INF Request starting HTTP/2 POST https://localhost:7071/api/Hospital/createhospital application/json 148 
2023-11-02 17:15:23.137 +01:00 INF Executing endpoint 'Hospital.API.Controllers.HospitalController.CreateHospital (Hospital.API)' 
2023-11-02 17:15:23.149 +01:00 INF Route matched with {action = "CreateHospital", controller = "Hospital"}. Executing controller action with signature System.Threading.Tasks.Task`1[Microsoft.AspNetCore.Mvc.ActionResult] CreateHospital(Hospital.Domain.DTOs.Request.HospitalForCreationDto) on controller Hospital.API.Controllers.HospitalController (Hospital.API). 
2023-11-02 17:15:28.731 +01:00 INF Inside the CreateHospitalAync 
2023-11-02 17:15:28.776 +01:00 INF payload to create a new hospital is Hospital.Domain.DTOs.Request.HospitalForCreationDto 
2023-11-02 17:15:28.779 +01:00 INF Entity Framework Core 3.1.18 initialized 'RepositoryContext' using provider 'Microsoft.EntityFrameworkCore.InMemory' with options: StoreName=InMem  
2023-11-02 17:15:28.784 +01:00 INF Sending POST request to "https://localhost:7082/api/UserHospital/createhospital" with Body {"HospitalId":"498cc564-be3c-4dae-9a16-8a8d6eb3be62","Name":"Sunman","Description":"Helathy","Logo":"sample2.jpeg","PhoneNumber":"08108419461","Email":"adeolavictor618@yahoo.com"} 
2023-11-02 17:15:28.787 +01:00 INF Start processing HTTP request POST "https://localhost:7082/api/UserHospital/createhospital" 
2023-11-02 17:15:28.789 +01:00 INF Sending HTTP request POST "https://localhost:7082/api/UserHospital/createhospital" 
2023-11-02 17:16:15.021 +01:00 INF Received HTTP response headers after 46229.5061ms - 200 
2023-11-02 17:16:15.023 +01:00 INF End processing HTTP request after 46235.7707ms - 200 
2023-11-02 17:16:15.026 +01:00 INF Response from "https://localhost:7082/api/UserHospital/createhospital" is {"responseCode":"99","responseMessage":"Error occurred","isSuccessful":false,"data":null} 
2023-11-02 17:16:15.030 +01:00 INF The response from the api is Hospital.Domain.DTOs.Response.ApiResponse 
2023-11-02 17:16:15.032 +01:00 INF Saved 1 entities to in-memory store. 
2023-11-02 17:16:15.034 +01:00 INF request saved in database 
2023-11-02 17:16:15.035 +01:00 INF Executing OkObjectResult, writing value of type 'Hospital.Application.Utility.GenericResponse`1[[System.String, System.Private.CoreLib, Version=6.0.0.0, Culture=neutral, PublicKeyToken=7cec85d7bea7798e]]'. 
2023-11-02 17:16:15.038 +01:00 INF Executed action Hospital.API.Controllers.HospitalController.CreateHospital (Hospital.API) in 51883.9892ms 
2023-11-02 17:16:15.039 +01:00 INF Executed endpoint 'Hospital.API.Controllers.HospitalController.CreateHospital (Hospital.API)' 
2023-11-02 17:16:15.041 +01:00 INF Request finished HTTP/2 POST https://localhost:7071/api/Hospital/createhospital application/json 148 - 200 - application/json;+charset=utf-8 51908.5624ms 
2023-11-02 17:16:15.864 +01:00 INF Request starting HTTP/2 GET https://localhost:7071/swagger/index.html - - 
2023-11-02 17:16:15.910 +01:00 INF Request finished HTTP/2 GET https://localhost:7071/swagger/index.html - - - 200 - text/html;charset=utf-8 47.5567ms 
2023-11-02 17:16:15.941 +01:00 INF Request starting HTTP/2 GET https://localhost:7071/swagger/swagger-ui.css - - 
2023-11-02 17:16:15.943 +01:00 INF Request starting HTTP/2 GET https://localhost:7071/_framework/aspnetcore-browser-refresh.js - - 
2023-11-02 17:16:15.990 +01:00 INF Request finished HTTP/2 GET https://localhost:7071/_framework/aspnetcore-browser-refresh.js - - - 200 11994 application/javascript;+charset=utf-8 47.7044ms 
2023-11-02 17:16:15.991 +01:00 INF Sending file. Request path: '/swagger-ui.css'. Physical path: 'N/A' 
2023-11-02 17:16:16.009 +01:00 INF Request finished HTTP/2 GET https://localhost:7071/swagger/swagger-ui.css - - - 200 143632 text/css 68.8258ms 
2023-11-02 17:16:16.260 +01:00 INF Request starting HTTP/2 GET https://localhost:7071/swagger/favicon-32x32.png - - 
2023-11-02 17:16:16.347 +01:00 INF Request starting HTTP/2 GET https://localhost:7071/swagger/v1/swagger.json - - 
2023-11-02 17:16:16.348 +01:00 INF Sending file. Request path: '/favicon-32x32.png'. Physical path: 'N/A' 
2023-11-02 17:16:16.365 +01:00 INF Request finished HTTP/2 GET https://localhost:7071/swagger/favicon-32x32.png - - - 200 628 image/png 105.3785ms 
2023-11-02 17:16:16.366 +01:00 INF Request finished HTTP/2 GET https://localhost:7071/swagger/v1/swagger.json - - - 200 - application/json;charset=utf-8 18.6259ms 
2023-11-02 17:17:16.939 +01:00 INF Request starting HTTP/2 POST https://localhost:7071/api/Hospital/createhospital application/json 150 
2023-11-02 17:17:16.961 +01:00 INF Executing endpoint 'Hospital.API.Controllers.HospitalController.CreateHospital (Hospital.API)' 
2023-11-02 17:17:16.977 +01:00 INF Route matched with {action = "CreateHospital", controller = "Hospital"}. Executing controller action with signature System.Threading.Tasks.Task`1[Microsoft.AspNetCore.Mvc.ActionResult] CreateHospital(Hospital.Domain.DTOs.Request.HospitalForCreationDto) on controller Hospital.API.Controllers.HospitalController (Hospital.API). 
2023-11-02 17:17:23.563 +01:00 INF Inside the CreateHospitalAync 
2023-11-02 17:17:23.565 +01:00 INF payload to create a new hospital is Hospital.Domain.DTOs.Request.HospitalForCreationDto 
2023-11-02 17:17:23.567 +01:00 INF Entity Framework Core 3.1.18 initialized 'RepositoryContext' using provider 'Microsoft.EntityFrameworkCore.InMemory' with options: StoreName=InMem  
2023-11-02 17:17:23.572 +01:00 INF Sending POST request to "https://localhost:7082/api/UserHospital/createhospital" with Body {"HospitalId":"57c925ef-ab5b-4c7d-a2f1-b33e091d4e50","Name":"SammyLuth","Description":"Healthy","Logo":"Sample2.jpeg","PhoneNumber":"0810983948","Email":"adeolavictor618@yahoo.com"} 
2023-11-02 17:17:23.573 +01:00 INF Start processing HTTP request POST "https://localhost:7082/api/UserHospital/createhospital" 
2023-11-02 17:17:23.574 +01:00 INF Sending HTTP request POST "https://localhost:7082/api/UserHospital/createhospital" 
2023-11-02 17:17:36.582 +01:00 INF Received HTTP response headers after 13006.4336ms - 200 
2023-11-02 17:17:36.584 +01:00 INF End processing HTTP request after 13010.9306ms - 200 
2023-11-02 17:17:36.586 +01:00 INF Response from "https://localhost:7082/api/UserHospital/createhospital" is {"responseCode":"00","responseMessage":"Hospital Created successful","isSuccessful":true,"data":null} 
2023-11-02 17:17:36.588 +01:00 INF The response from the api is Hospital.Domain.DTOs.Response.ApiResponse 
2023-11-02 17:17:36.589 +01:00 INF Saved 1 entities to in-memory store. 
2023-11-02 17:17:36.590 +01:00 INF request saved in database 
2023-11-02 17:17:36.591 +01:00 INF Executing OkObjectResult, writing value of type 'Hospital.Application.Utility.GenericResponse`1[[System.String, System.Private.CoreLib, Version=6.0.0.0, Culture=neutral, PublicKeyToken=7cec85d7bea7798e]]'. 
2023-11-02 17:17:36.593 +01:00 INF Executed action Hospital.API.Controllers.HospitalController.CreateHospital (Hospital.API) in 19613.4895ms 
2023-11-02 17:17:36.595 +01:00 INF Executed endpoint 'Hospital.API.Controllers.HospitalController.CreateHospital (Hospital.API)' 
2023-11-02 17:17:36.596 +01:00 INF Request finished HTTP/2 POST https://localhost:7071/api/Hospital/createhospital application/json 150 - 200 - application/json;+charset=utf-8 19659.0780ms 
2023-11-02 17:20:34.858 +01:00 INF Now listening on: https://localhost:7071 
2023-11-02 17:20:34.962 +01:00 INF Now listening on: http://localhost:5291 
2023-11-02 17:20:34.971 +01:00 INF Application started. Press Ctrl+C to shut down. 
2023-11-02 17:20:34.973 +01:00 INF Hosting environment: Development 
2023-11-02 17:20:34.975 +01:00 INF Content root path: C:\Users\Ogunleyeaad\source\repos\project\HealthcareMicroservice\src\Hospital\Hospital.API\ 
2023-11-02 17:20:40.888 +01:00 INF Request starting HTTP/2 GET https://localhost:7071/swagger - - 
2023-11-02 17:20:41.622 +01:00 INF Request starting HTTP/2 GET https://localhost:7071/swagger/index.html - - 
2023-11-02 17:20:41.622 +01:00 INF Request finished HTTP/2 GET https://localhost:7071/swagger - - - 301 0 - 738.6091ms 
2023-11-02 17:20:41.882 +01:00 INF Request finished HTTP/2 GET https://localhost:7071/swagger/index.html - - - 200 - text/html;charset=utf-8 259.8389ms 
2023-11-02 17:20:41.961 +01:00 INF Request starting HTTP/2 GET https://localhost:7071/swagger/swagger-ui.css - - 
2023-11-02 17:20:41.986 +01:00 INF Request starting HTTP/2 GET https://localhost:7071/swagger/swagger-ui-bundle.js - - 
2023-11-02 17:20:42.043 +01:00 INF Request starting HTTP/2 GET https://localhost:7071/swagger/swagger-ui-standalone-preset.js - - 
2023-11-02 17:20:42.230 +01:00 INF Sending file. Request path: '/swagger-ui.css'. Physical path: 'N/A' 
2023-11-02 17:20:42.230 +01:00 INF Sending file. Request path: '/swagger-ui-standalone-preset.js'. Physical path: 'N/A' 
2023-11-02 17:20:42.234 +01:00 INF Sending file. Request path: '/swagger-ui-bundle.js'. Physical path: 'N/A' 
2023-11-02 17:20:42.243 +01:00 INF Request finished HTTP/2 GET https://localhost:7071/swagger/swagger-ui-standalone-preset.js - - - 200 337162 application/javascript 200.4682ms 
2023-11-02 17:20:42.243 +01:00 INF Request finished HTTP/2 GET https://localhost:7071/swagger/swagger-ui.css - - - 200 143632 text/css 282.4892ms 
2023-11-02 17:20:42.244 +01:00 INF Request finished HTTP/2 GET https://localhost:7071/swagger/swagger-ui-bundle.js - - - 200 1092889 application/javascript 257.0678ms 
2023-11-02 17:20:42.315 +01:00 INF Request starting HTTP/2 GET https://localhost:7071/_framework/aspnetcore-browser-refresh.js - - 
2023-11-02 17:20:42.337 +01:00 INF Request finished HTTP/2 GET https://localhost:7071/_framework/aspnetcore-browser-refresh.js - - - 200 11994 application/javascript;+charset=utf-8 22.9674ms 
2023-11-02 17:20:44.417 +01:00 INF Request starting HTTP/2 GET https://localhost:7071/swagger/v1/swagger.json - - 
2023-11-02 17:20:44.729 +01:00 INF Request finished HTTP/2 GET https://localhost:7071/swagger/v1/swagger.json - - - 200 - application/json;charset=utf-8 312.1017ms 
2023-11-02 17:23:46.304 +01:00 INF Request starting HTTP/2 GET https://localhost:7071/api/Hospital/getallhospital - - 
2023-11-02 17:23:46.328 +01:00 INF Executing endpoint 'Hospital.API.Controllers.HospitalController.GetAllHospitals (Hospital.API)' 
2023-11-02 17:23:46.362 +01:00 INF Route matched with {action = "GetAllHospitals", controller = "Hospital"}. Executing controller action with signature System.Threading.Tasks.Task`1[Microsoft.AspNetCore.Mvc.ActionResult] GetAllHospitals() on controller Hospital.API.Controllers.HospitalController (Hospital.API). 
2023-11-02 17:23:52.339 +01:00 INF Inside the GetAllHospitalsAsync 
2023-11-02 17:23:52.912 +01:00 INF Entity Framework Core 3.1.18 initialized 'RepositoryContext' using provider 'Microsoft.EntityFrameworkCore.InMemory' with options: StoreName=InMem  
2023-11-02 17:23:53.202 +01:00 INF No any hospital record found 
2023-11-02 17:23:53.209 +01:00 INF Executing OkObjectResult, writing value of type 'Hospital.Application.Utility.GenericResponse`1[[System.Collections.Generic.IEnumerable`1[[Hospital.Domain.DTOs.Response.GetHospitalResponse, Hospital.Domain, Version=1.0.0.0, Culture=neutral, PublicKeyToken=null]], System.Private.CoreLib, Version=6.0.0.0, Culture=neutral, PublicKeyToken=7cec85d7bea7798e]]'. 
2023-11-02 17:23:53.224 +01:00 INF Executed action Hospital.API.Controllers.HospitalController.GetAllHospitals (Hospital.API) in 6851.0781ms 
2023-11-02 17:23:53.235 +01:00 INF Executed endpoint 'Hospital.API.Controllers.HospitalController.GetAllHospitals (Hospital.API)' 
2023-11-02 17:23:53.241 +01:00 INF Request finished HTTP/2 GET https://localhost:7071/api/Hospital/getallhospital - - - 200 - application/json;+charset=utf-8 6936.4216ms 
2023-11-02 17:24:11.580 +01:00 INF Request starting HTTP/2 GET https://localhost:7071/api/Hospital/getallhospital - - 
2023-11-02 17:24:11.588 +01:00 INF Executing endpoint 'Hospital.API.Controllers.HospitalController.GetAllHospitals (Hospital.API)' 
2023-11-02 17:24:11.593 +01:00 INF Route matched with {action = "GetAllHospitals", controller = "Hospital"}. Executing controller action with signature System.Threading.Tasks.Task`1[Microsoft.AspNetCore.Mvc.ActionResult] GetAllHospitals() on controller Hospital.API.Controllers.HospitalController (Hospital.API). 
2023-11-02 17:24:14.589 +01:00 INF Inside the GetAllHospitalsAsync 
2023-11-02 17:24:16.411 +01:00 INF Entity Framework Core 3.1.18 initialized 'RepositoryContext' using provider 'Microsoft.EntityFrameworkCore.InMemory' with options: StoreName=InMem  
2023-11-02 17:25:06.778 +01:00 INF No any hospital record found 
2023-11-02 17:25:06.795 +01:00 INF Executing OkObjectResult, writing value of type 'Hospital.Application.Utility.GenericResponse`1[[System.Collections.Generic.IEnumerable`1[[Hospital.Domain.DTOs.Response.GetHospitalResponse, Hospital.Domain, Version=1.0.0.0, Culture=neutral, PublicKeyToken=null]], System.Private.CoreLib, Version=6.0.0.0, Culture=neutral, PublicKeyToken=7cec85d7bea7798e]]'. 
2023-11-02 17:25:06.807 +01:00 INF Request starting HTTP/2 POST https://localhost:7071/api/Hospital/createhospital application/json 165 
2023-11-02 17:25:06.807 +01:00 INF Executed action Hospital.API.Controllers.HospitalController.GetAllHospitals (Hospital.API) in 55211.1043ms 
2023-11-02 17:25:06.808 +01:00 INF Executing endpoint 'Hospital.API.Controllers.HospitalController.CreateHospital (Hospital.API)' 
2023-11-02 17:25:06.809 +01:00 INF Executed endpoint 'Hospital.API.Controllers.HospitalController.GetAllHospitals (Hospital.API)' 
2023-11-02 17:25:06.811 +01:00 INF Request finished HTTP/2 GET https://localhost:7071/api/Hospital/getallhospital - - - 200 - application/json;+charset=utf-8 55231.7744ms 
2023-11-02 17:25:06.828 +01:00 INF Route matched with {action = "CreateHospital", controller = "Hospital"}. Executing controller action with signature System.Threading.Tasks.Task`1[Microsoft.AspNetCore.Mvc.ActionResult] CreateHospital(Hospital.Domain.DTOs.Request.HospitalForCreationDto) on controller Hospital.API.Controllers.HospitalController (Hospital.API). 
2023-11-02 17:25:11.086 +01:00 INF Inside the CreateHospitalAync 
2023-11-02 17:25:11.089 +01:00 INF payload to create a new hospital is Hospital.Domain.DTOs.Request.HospitalForCreationDto 
2023-11-02 17:25:11.157 +01:00 INF Entity Framework Core 3.1.18 initialized 'RepositoryContext' using provider 'Microsoft.EntityFrameworkCore.InMemory' with options: StoreName=InMem  
2023-11-02 17:25:11.720 +01:00 INF Sending POST request to "https://localhost:7082/api/UserHospital/createhospital" with Body {"HospitalId":"a3d4dc56-1bfc-4f42-9209-9ff37b601b9a","Name":"Luth Hospital","Description":"Good for everyone","Logo":"sample1.jpeg","PhoneNumber":"08108419461","Email":"adeolavictor618@yahoo.com"} 
2023-11-02 17:25:11.737 +01:00 INF Start processing HTTP request POST "https://localhost:7082/api/UserHospital/createhospital" 
2023-11-02 17:25:11.743 +01:00 INF Sending HTTP request POST "https://localhost:7082/api/UserHospital/createhospital" 
2023-11-02 17:25:17.764 +01:00 INF Received HTTP response headers after 6004.5157ms - 200 
2023-11-02 17:25:17.775 +01:00 INF End processing HTTP request after 6042.9428ms - 200 
2023-11-02 17:25:17.786 +01:00 INF Response from "https://localhost:7082/api/UserHospital/createhospital" is {"responseCode":"00","responseMessage":"Hospital Created successful","isSuccessful":true,"data":null} 
2023-11-02 17:25:17.848 +01:00 INF The response from the api is Hospital.Domain.DTOs.Response.ApiResponse 
2023-11-02 17:25:17.913 +01:00 INF Saved 1 entities to in-memory store. 
2023-11-02 17:25:17.925 +01:00 INF request saved in database 
2023-11-02 17:25:17.932 +01:00 INF Executing OkObjectResult, writing value of type 'Hospital.Application.Utility.GenericResponse`1[[System.String, System.Private.CoreLib, Version=6.0.0.0, Culture=neutral, PublicKeyToken=7cec85d7bea7798e]]'. 
2023-11-02 17:25:17.938 +01:00 INF Executed action Hospital.API.Controllers.HospitalController.CreateHospital (Hospital.API) in 11104.4469ms 
2023-11-02 17:25:17.940 +01:00 INF Executed endpoint 'Hospital.API.Controllers.HospitalController.CreateHospital (Hospital.API)' 
2023-11-02 17:25:17.942 +01:00 INF Request finished HTTP/2 POST https://localhost:7071/api/Hospital/createhospital application/json 165 - 200 - application/json;+charset=utf-8 11135.4471ms 
2023-11-02 17:25:23.266 +01:00 INF Request starting HTTP/2 GET https://localhost:7071/api/Hospital/getallhospital - - 
2023-11-02 17:25:23.268 +01:00 INF Executing endpoint 'Hospital.API.Controllers.HospitalController.GetAllHospitals (Hospital.API)' 
2023-11-02 17:25:23.271 +01:00 INF Route matched with {action = "GetAllHospitals", controller = "Hospital"}. Executing controller action with signature System.Threading.Tasks.Task`1[Microsoft.AspNetCore.Mvc.ActionResult] GetAllHospitals() on controller Hospital.API.Controllers.HospitalController (Hospital.API). 
2023-11-02 17:25:30.721 +01:00 INF Inside the GetAllHospitalsAsync 
2023-11-02 17:25:32.556 +01:00 INF Entity Framework Core 3.1.18 initialized 'RepositoryContext' using provider 'Microsoft.EntityFrameworkCore.InMemory' with options: StoreName=InMem  
2023-11-02 17:25:36.775 +01:00 INF Executing OkObjectResult, writing value of type 'Hospital.Application.Utility.GenericResponse`1[[System.Collections.Generic.IEnumerable`1[[Hospital.Domain.DTOs.Response.GetHospitalResponse, Hospital.Domain, Version=1.0.0.0, Culture=neutral, PublicKeyToken=null]], System.Private.CoreLib, Version=6.0.0.0, Culture=neutral, PublicKeyToken=7cec85d7bea7798e]]'. 
2023-11-02 17:25:36.780 +01:00 INF Executed action Hospital.API.Controllers.HospitalController.GetAllHospitals (Hospital.API) in 13505.7302ms 
2023-11-02 17:25:36.782 +01:00 INF Executed endpoint 'Hospital.API.Controllers.HospitalController.GetAllHospitals (Hospital.API)' 
2023-11-02 17:25:36.785 +01:00 INF Request finished HTTP/2 GET https://localhost:7071/api/Hospital/getallhospital - - - 200 - application/json;+charset=utf-8 13518.6426ms 
2023-11-02 17:27:01.890 +01:00 INF Request starting HTTP/2 GET https://localhost:7071/api/Hospital/getallhospital - - 
2023-11-02 17:27:01.904 +01:00 INF Executing endpoint 'Hospital.API.Controllers.HospitalController.GetAllHospitals (Hospital.API)' 
2023-11-02 17:27:01.909 +01:00 INF Route matched with {action = "GetAllHospitals", controller = "Hospital"}. Executing controller action with signature System.Threading.Tasks.Task`1[Microsoft.AspNetCore.Mvc.ActionResult] GetAllHospitals() on controller Hospital.API.Controllers.HospitalController (Hospital.API). 
2023-11-02 17:27:05.844 +01:00 INF Inside the GetAllHospitalsAsync 
2023-11-02 17:27:07.065 +01:00 INF Entity Framework Core 3.1.18 initialized 'RepositoryContext' using provider 'Microsoft.EntityFrameworkCore.InMemory' with options: StoreName=InMem  
2023-11-02 17:27:11.332 +01:00 INF Executing OkObjectResult, writing value of type 'Hospital.Application.Utility.GenericResponse`1[[System.Collections.Generic.IEnumerable`1[[Hospital.Domain.DTOs.Response.GetHospitalResponse, Hospital.Domain, Version=1.0.0.0, Culture=neutral, PublicKeyToken=null]], System.Private.CoreLib, Version=6.0.0.0, Culture=neutral, PublicKeyToken=7cec85d7bea7798e]]'. 
2023-11-02 17:27:11.335 +01:00 INF Executed action Hospital.API.Controllers.HospitalController.GetAllHospitals (Hospital.API) in 9424.3892ms 
2023-11-02 17:27:11.336 +01:00 INF Executed endpoint 'Hospital.API.Controllers.HospitalController.GetAllHospitals (Hospital.API)' 
2023-11-02 17:27:11.337 +01:00 INF Request finished HTTP/2 GET https://localhost:7071/api/Hospital/getallhospital - - - 200 - application/json;+charset=utf-8 9447.0214ms 
2023-11-02 17:34:21.652 +01:00 INF Request starting HTTP/1.1 POST https://localhost:7071/api/hospital/createHospital application/json 171 
2023-11-02 17:34:21.653 +01:00 INF Executing endpoint 'Hospital.API.Controllers.HospitalController.CreateHospital (Hospital.API)' 
2023-11-02 17:34:21.655 +01:00 INF Route matched with {action = "CreateHospital", controller = "Hospital"}. Executing controller action with signature System.Threading.Tasks.Task`1[Microsoft.AspNetCore.Mvc.ActionResult] CreateHospital(Hospital.Domain.DTOs.Request.HospitalForCreationDto) on controller Hospital.API.Controllers.HospitalController (Hospital.API). 
2023-11-02 17:34:29.165 +01:00 INF Inside the CreateHospitalAync 
2023-11-02 17:34:29.170 +01:00 INF payload to create a new hospital is Hospital.Domain.DTOs.Request.HospitalForCreationDto 
2023-11-02 17:34:29.176 +01:00 INF Entity Framework Core 3.1.18 initialized 'RepositoryContext' using provider 'Microsoft.EntityFrameworkCore.InMemory' with options: StoreName=InMem  
2023-11-02 17:34:29.182 +01:00 INF Sending POST request to "https://localhost:7082/api/UserHospital/createhospital" with Body {"HospitalId":"2bf99daf-4a2e-4850-abc3-494df58f542b","Name":"Luth Hospital","Description":"Good for everyone","Logo":"sample1.jpeg","PhoneNumber":"08108419461","Email":"adeolavictor618@yahoo.com"} 
2023-11-02 17:34:29.187 +01:00 INF Start processing HTTP request POST "https://localhost:7082/api/UserHospital/createhospital" 
2023-11-02 17:34:29.192 +01:00 INF Sending HTTP request POST "https://localhost:7082/api/UserHospital/createhospital" 
2023-11-02 17:34:31.577 +01:00 INF Received HTTP response headers after 2382.8065ms - 200 
2023-11-02 17:34:31.579 +01:00 INF End processing HTTP request after 2391.8268ms - 200 
2023-11-02 17:34:31.581 +01:00 INF Response from "https://localhost:7082/api/UserHospital/createhospital" is {"responseCode":"00","responseMessage":"Hospital Created successful","isSuccessful":true,"data":null} 
2023-11-02 17:34:31.584 +01:00 INF The response from the api is Hospital.Domain.DTOs.Response.ApiResponse 
2023-11-02 17:34:31.586 +01:00 INF Saved 1 entities to in-memory store. 
2023-11-02 17:34:31.588 +01:00 INF request saved in database 
2023-11-02 17:34:31.589 +01:00 INF Executing OkObjectResult, writing value of type 'Hospital.Application.Utility.GenericResponse`1[[System.String, System.Private.CoreLib, Version=6.0.0.0, Culture=neutral, PublicKeyToken=7cec85d7bea7798e]]'. 
2023-11-02 17:34:31.594 +01:00 INF Executed action Hospital.API.Controllers.HospitalController.CreateHospital (Hospital.API) in 9936.4105ms 
2023-11-02 17:34:31.595 +01:00 INF Executed endpoint 'Hospital.API.Controllers.HospitalController.CreateHospital (Hospital.API)' 
2023-11-02 17:34:31.597 +01:00 INF Request finished HTTP/1.1 POST https://localhost:7071/api/hospital/createHospital application/json 171 - 200 - application/json;+charset=utf-8 9944.7851ms 
2023-11-02 17:35:15.369 +01:00 INF Request starting HTTP/1.1 GET https://localhost:7071/api/hospital/getallhospital application/json 171 
2023-11-02 17:35:15.374 +01:00 INF Executing endpoint 'Hospital.API.Controllers.HospitalController.GetAllHospitals (Hospital.API)' 
2023-11-02 17:35:15.375 +01:00 INF Route matched with {action = "GetAllHospitals", controller = "Hospital"}. Executing controller action with signature System.Threading.Tasks.Task`1[Microsoft.AspNetCore.Mvc.ActionResult] GetAllHospitals() on controller Hospital.API.Controllers.HospitalController (Hospital.API). 
2023-11-02 17:35:18.446 +01:00 INF Inside the GetAllHospitalsAsync 
2023-11-02 17:35:18.449 +01:00 INF Entity Framework Core 3.1.18 initialized 'RepositoryContext' using provider 'Microsoft.EntityFrameworkCore.InMemory' with options: StoreName=InMem  
2023-11-02 17:35:18.456 +01:00 INF Executing OkObjectResult, writing value of type 'Hospital.Application.Utility.GenericResponse`1[[System.Collections.Generic.IEnumerable`1[[Hospital.Domain.DTOs.Response.GetHospitalResponse, Hospital.Domain, Version=1.0.0.0, Culture=neutral, PublicKeyToken=null]], System.Private.CoreLib, Version=6.0.0.0, Culture=neutral, PublicKeyToken=7cec85d7bea7798e]]'. 
2023-11-02 17:35:18.458 +01:00 INF Executed action Hospital.API.Controllers.HospitalController.GetAllHospitals (Hospital.API) in 3080.6292ms 
2023-11-02 17:35:18.459 +01:00 INF Executed endpoint 'Hospital.API.Controllers.HospitalController.GetAllHospitals (Hospital.API)' 
2023-11-02 17:35:18.461 +01:00 INF Request finished HTTP/1.1 GET https://localhost:7071/api/hospital/getallhospital application/json 171 - 200 - application/json;+charset=utf-8 3091.5403ms 
2023-11-02 21:42:51.395 +01:00 INF Now listening on: https://localhost:7071 
2023-11-02 21:42:51.570 +01:00 INF Now listening on: http://localhost:5291 
2023-11-02 21:42:51.610 +01:00 INF Application started. Press Ctrl+C to shut down. 
2023-11-02 21:42:51.662 +01:00 INF Hosting environment: Development 
2023-11-02 21:42:51.683 +01:00 INF Content root path: C:\Users\Ogunleyeaad\source\repos\project\HealthcareMicroservice\src\Hospital\Hospital.API\ 
2023-11-02 21:42:53.920 +01:00 INF Request starting HTTP/2 GET https://localhost:7071/swagger - - 
2023-11-02 21:42:54.380 +01:00 INF Request finished HTTP/2 GET https://localhost:7071/swagger - - - 301 0 - 472.3935ms 
2023-11-02 21:42:54.388 +01:00 INF Request starting HTTP/2 GET https://localhost:7071/swagger/index.html - - 
2023-11-02 21:42:54.602 +01:00 INF Request finished HTTP/2 GET https://localhost:7071/swagger/index.html - - - 200 - text/html;charset=utf-8 214.0107ms 
2023-11-02 21:42:54.644 +01:00 INF Request starting HTTP/2 GET https://localhost:7071/swagger/swagger-ui.css - - 
2023-11-02 21:42:54.647 +01:00 INF Request starting HTTP/2 GET https://localhost:7071/_framework/aspnetcore-browser-refresh.js - - 
2023-11-02 21:42:54.650 +01:00 INF Request starting HTTP/2 GET https://localhost:7071/swagger/swagger-ui-standalone-preset.js - - 
2023-11-02 21:42:54.650 +01:00 INF Request starting HTTP/2 GET https://localhost:7071/swagger/swagger-ui-bundle.js - - 
2023-11-02 21:42:54.679 +01:00 INF Request finished HTTP/2 GET https://localhost:7071/_framework/aspnetcore-browser-refresh.js - - - 200 11994 application/javascript;+charset=utf-8 31.5713ms 
2023-11-02 21:42:54.773 +01:00 INF Sending file. Request path: '/swagger-ui-standalone-preset.js'. Physical path: 'N/A' 
2023-11-02 21:42:54.773 +01:00 INF Sending file. Request path: '/swagger-ui.css'. Physical path: 'N/A' 
2023-11-02 21:42:54.796 +01:00 INF Request finished HTTP/2 GET https://localhost:7071/swagger/swagger-ui.css - - - 200 143632 text/css 151.4457ms 
2023-11-02 21:42:54.796 +01:00 INF Request finished HTTP/2 GET https://localhost:7071/swagger/swagger-ui-standalone-preset.js - - - 200 337162 application/javascript 146.0083ms 
2023-11-02 21:42:54.797 +01:00 INF Sending file. Request path: '/swagger-ui-bundle.js'. Physical path: 'N/A' 
2023-11-02 21:42:54.814 +01:00 INF Request finished HTTP/2 GET https://localhost:7071/swagger/swagger-ui-bundle.js - - - 200 1092889 application/javascript 164.4134ms 
2023-11-02 21:42:54.980 +01:00 INF Request starting HTTP/2 GET https://localhost:7071/swagger/v1/swagger.json - - 
2023-11-02 21:42:55.342 +01:00 INF Request finished HTTP/2 GET https://localhost:7071/swagger/v1/swagger.json - - - 200 - application/json;charset=utf-8 361.8019ms 
2023-11-02 21:43:11.931 +01:00 INF Request starting HTTP/2 POST https://localhost:7071/api/Hospital/createhospital application/json 165 
2023-11-02 21:43:11.968 +01:00 INF Executing endpoint 'Hospital.API.Controllers.HospitalController.CreateHospital (Hospital.API)' 
2023-11-02 21:43:12.104 +01:00 INF Route matched with {action = "CreateHospital", controller = "Hospital"}. Executing controller action with signature System.Threading.Tasks.Task`1[Microsoft.AspNetCore.Mvc.ActionResult] CreateHospital(Hospital.Domain.DTOs.Request.HospitalForCreationDto) on controller Hospital.API.Controllers.HospitalController (Hospital.API). 
2023-11-02 21:43:29.173 +01:00 INF Inside the CreateHospitalAync 
2023-11-02 21:43:29.464 +01:00 INF payload to create a new hospital is Hospital.Domain.DTOs.Request.HospitalForCreationDto 
2023-11-02 21:43:33.468 +01:00 INF Entity Framework Core 3.1.18 initialized 'RepositoryContext' using provider 'Microsoft.EntityFrameworkCore.InMemory' with options: StoreName=InMem  
