2026-04-18 17:41:36.873 -04:00 INF Now listening on: https://localhost:7071 
2026-04-18 17:41:37.079 -04:00 INF Now listening on: http://localhost:5291 
2026-04-18 17:41:37.169 -04:00 INF Application started. Press Ctrl+C to shut down. 
2026-04-18 17:41:37.212 -04:00 INF Hosting environment: Development 
2026-04-18 17:41:37.218 -04:00 INF Content root path: C:\Users\hp\source\repos\devops\HealthcareMicroservice\src\Hospital\Hospital.API\ 
2026-04-18 17:41:48.801 -04:00 INF Request starting HTTP/2 GET https://localhost:7071/swagger - - 
2026-04-18 17:41:48.991 -04:00 INF Request finished HTTP/2 GET https://localhost:7071/swagger - - - 301 0 - 195.6538ms 
2026-04-18 17:41:48.993 -04:00 INF Request starting HTTP/2 GET https://localhost:7071/swagger/index.html - - 
2026-04-18 17:41:49.532 -04:00 INF Request finished HTTP/2 GET https://localhost:7071/swagger/index.html - - - 200 - text/html;charset=utf-8 539.6771ms 
2026-04-18 17:41:49.545 -04:00 INF Request starting HTTP/2 GET https://localhost:7071/swagger/swagger-ui-standalone-preset.js - - 
2026-04-18 17:41:49.555 -04:00 INF Request starting HTTP/2 GET https://localhost:7071/_framework/aspnetcore-browser-refresh.js - - 
2026-04-18 17:41:49.545 -04:00 INF Request starting HTTP/2 GET https://localhost:7071/swagger/swagger-ui-bundle.js - - 
2026-04-18 17:41:49.545 -04:00 INF Request starting HTTP/2 GET https://localhost:7071/swagger/swagger-ui.css - - 
2026-04-18 17:41:49.602 -04:00 INF Request finished HTTP/2 GET https://localhost:7071/_framework/aspnetcore-browser-refresh.js - - - 200 11946 application/javascript;+charset=utf-8 46.7712ms 
2026-04-18 17:41:49.750 -04:00 INF Sending file. Request path: '/swagger-ui-standalone-preset.js'. Physical path: 'N/A' 
2026-04-18 17:41:49.750 -04:00 INF Sending file. Request path: '/swagger-ui.css'. Physical path: 'N/A' 
2026-04-18 17:41:49.808 -04:00 INF Sending file. Request path: '/swagger-ui-bundle.js'. Physical path: 'N/A' 
2026-04-18 17:41:49.809 -04:00 INF Request finished HTTP/2 GET https://localhost:7071/swagger/swagger-ui-standalone-preset.js - - - 200 337162 application/javascript 263.4364ms 
2026-04-18 17:41:49.821 -04:00 INF Request finished HTTP/2 GET https://localhost:7071/swagger/swagger-ui.css - - - 200 143632 text/css 276.4687ms 
2026-04-18 17:41:49.839 -04:00 INF Request finished HTTP/2 GET https://localhost:7071/swagger/swagger-ui-bundle.js - - - 200 1092889 application/javascript 293.5327ms 
2026-04-18 17:41:50.187 -04:00 INF Request starting HTTP/2 GET https://localhost:7071/swagger/v1/swagger.json - - 
2026-04-18 17:41:50.204 -04:00 INF Request starting HTTP/2 GET https://localhost:7071/swagger/favicon-32x32.png - - 
2026-04-18 17:41:50.256 -04:00 INF Sending file. Request path: '/favicon-32x32.png'. Physical path: 'N/A' 
2026-04-18 17:41:50.319 -04:00 INF Request finished HTTP/2 GET https://localhost:7071/swagger/favicon-32x32.png - - - 200 628 image/png 115.4749ms 
2026-04-18 17:41:50.529 -04:00 INF Request finished HTTP/2 GET https://localhost:7071/swagger/v1/swagger.json - - - 200 - application/json;charset=utf-8 347.4225ms 
2026-04-18 18:54:01.702 -04:00 INF Now listening on: https://localhost:7071 
2026-04-18 18:54:02.173 -04:00 INF Now listening on: http://localhost:5291 
2026-04-18 18:54:02.244 -04:00 INF Application started. Press Ctrl+C to shut down. 
2026-04-18 18:54:02.305 -04:00 INF Hosting environment: Development 
2026-04-18 18:54:02.334 -04:00 INF Content root path: C:\Users\hp\source\repos\devops\HealthcareMicroservice\src\Hospital\Hospital.API\ 
2026-04-18 18:55:52.792 -04:00 INF Request starting HTTP/2 GET https://localhost:7071/swagger - - 
2026-04-18 18:55:53.097 -04:00 INF Request starting HTTP/2 GET https://localhost:7071/swagger/index.html - - 
2026-04-18 18:55:53.101 -04:00 INF Request finished HTTP/2 GET https://localhost:7071/swagger - - - 301 0 - 308.1193ms 
2026-04-18 18:55:53.849 -04:00 INF Request finished HTTP/2 GET https://localhost:7071/swagger/index.html - - - 200 - text/html;charset=utf-8 751.8633ms 
2026-04-18 18:55:53.874 -04:00 INF Request starting HTTP/2 GET https://localhost:7071/swagger/swagger-ui-bundle.js - - 
2026-04-18 18:55:53.874 -04:00 INF Request starting HTTP/2 GET https://localhost:7071/swagger/swagger-ui.css - - 
2026-04-18 18:55:53.879 -04:00 INF Request starting HTTP/2 GET https://localhost:7071/swagger/swagger-ui-standalone-preset.js - - 
2026-04-18 18:55:53.881 -04:00 INF Request starting HTTP/2 GET https://localhost:7071/_framework/aspnetcore-browser-refresh.js - - 
2026-04-18 18:55:54.262 -04:00 INF Request finished HTTP/2 GET https://localhost:7071/_framework/aspnetcore-browser-refresh.js - - - 200 11946 application/javascript;+charset=utf-8 381.5114ms 
2026-04-18 18:55:54.298 -04:00 INF Sending file. Request path: '/swagger-ui-standalone-preset.js'. Physical path: 'N/A' 
2026-04-18 18:55:54.298 -04:00 INF Sending file. Request path: '/swagger-ui.css'. Physical path: 'N/A' 
2026-04-18 18:55:54.329 -04:00 INF Request finished HTTP/2 GET https://localhost:7071/swagger/swagger-ui-standalone-preset.js - - - 200 337162 application/javascript 449.8045ms 
2026-04-18 18:55:54.380 -04:00 INF Sending file. Request path: '/swagger-ui-bundle.js'. Physical path: 'N/A' 
2026-04-18 18:55:54.382 -04:00 INF Request finished HTTP/2 GET https://localhost:7071/swagger/swagger-ui.css - - - 200 143632 text/css 511.9857ms 
2026-04-18 18:55:54.478 -04:00 INF Request finished HTTP/2 GET https://localhost:7071/swagger/swagger-ui-bundle.js - - - 200 1092889 application/javascript 603.3021ms 
2026-04-18 18:55:55.765 -04:00 INF Request starting HTTP/2 GET https://localhost:7071/swagger/v1/swagger.json - - 
2026-04-18 18:55:55.856 -04:00 INF Request starting HTTP/2 GET https://localhost:7071/swagger/favicon-32x32.png - - 
2026-04-18 18:55:55.900 -04:00 INF Sending file. Request path: '/favicon-32x32.png'. Physical path: 'N/A' 
2026-04-18 18:55:56.024 -04:00 INF Request finished HTTP/2 GET https://localhost:7071/swagger/favicon-32x32.png - - - 200 628 image/png 167.3848ms 
2026-04-18 18:55:56.203 -04:00 INF Request finished HTTP/2 GET https://localhost:7071/swagger/v1/swagger.json - - - 200 - application/json;charset=utf-8 437.1740ms 
2026-04-18 19:14:52.406 -04:00 INF Now listening on: https://localhost:7071 
2026-04-18 19:14:52.541 -04:00 INF Now listening on: http://localhost:5291 
2026-04-18 19:14:52.574 -04:00 INF Application started. Press Ctrl+C to shut down. 
2026-04-18 19:14:52.599 -04:00 INF Hosting environment: Development 
2026-04-18 19:14:52.620 -04:00 INF Content root path: C:\Users\hp\source\repos\devops\HealthcareMicroservice\src\Hospital\Hospital.API\ 
2026-04-18 19:14:59.259 -04:00 INF Request starting HTTP/2 GET https://localhost:7071/swagger - - 
2026-04-18 19:14:59.565 -04:00 INF Request finished HTTP/2 GET https://localhost:7071/swagger - - - 301 0 - 319.1617ms 
2026-04-18 19:14:59.598 -04:00 INF Request starting HTTP/2 GET https://localhost:7071/swagger/index.html - - 
2026-04-18 19:15:00.203 -04:00 INF Request finished HTTP/2 GET https://localhost:7071/swagger/index.html - - - 200 - text/html;charset=utf-8 604.0046ms 
2026-04-18 19:15:00.206 -04:00 INF Request starting HTTP/2 GET https://localhost:7071/swagger/swagger-ui-bundle.js - - 
2026-04-18 19:15:00.206 -04:00 INF Request starting HTTP/2 GET https://localhost:7071/swagger/swagger-ui.css - - 
2026-04-18 19:15:00.207 -04:00 INF Request starting HTTP/2 GET https://localhost:7071/swagger/swagger-ui-standalone-preset.js - - 
2026-04-18 19:15:00.208 -04:00 INF Request starting HTTP/2 GET https://localhost:7071/_framework/aspnetcore-browser-refresh.js - - 
2026-04-18 19:15:00.461 -04:00 INF Request finished HTTP/2 GET https://localhost:7071/_framework/aspnetcore-browser-refresh.js - - - 200 11946 application/javascript;+charset=utf-8 253.1206ms 
2026-04-18 19:15:00.518 -04:00 INF Sending file. Request path: '/swagger-ui.css'. Physical path: 'N/A' 
2026-04-18 19:15:00.522 -04:00 INF Sending file. Request path: '/swagger-ui-standalone-preset.js'. Physical path: 'N/A' 
2026-04-18 19:15:00.617 -04:00 INF Sending file. Request path: '/swagger-ui-bundle.js'. Physical path: 'N/A' 
2026-04-18 19:15:00.633 -04:00 INF Request finished HTTP/2 GET https://localhost:7071/swagger/swagger-ui.css - - - 200 143632 text/css 426.3561ms 
2026-04-18 19:15:00.678 -04:00 INF Request finished HTTP/2 GET https://localhost:7071/swagger/swagger-ui-standalone-preset.js - - - 200 337162 application/javascript 471.0223ms 
2026-04-18 19:15:00.711 -04:00 INF Request finished HTTP/2 GET https://localhost:7071/swagger/swagger-ui-bundle.js - - - 200 1092889 application/javascript 504.2445ms 
2026-04-18 19:18:36.317 -04:00 INF Now listening on: https://localhost:7071 
2026-04-18 19:18:36.461 -04:00 INF Now listening on: http://localhost:5291 
2026-04-18 19:18:36.490 -04:00 INF Application started. Press Ctrl+C to shut down. 
2026-04-18 19:18:36.506 -04:00 INF Hosting environment: Development 
2026-04-18 19:18:36.521 -04:00 INF Content root path: C:\Users\hp\source\repos\devops\HealthcareMicroservice\src\Hospital\Hospital.API\ 
2026-04-18 19:18:55.004 -04:00 INF Request starting HTTP/2 GET https://localhost:7071/swagger - - 
2026-04-18 19:18:55.394 -04:00 INF Request finished HTTP/2 GET https://localhost:7071/swagger - - - 301 0 - 407.0349ms 
2026-04-18 19:18:55.406 -04:00 INF Request starting HTTP/2 GET https://localhost:7071/swagger/index.html - - 
2026-04-18 19:18:56.015 -04:00 INF Request finished HTTP/2 GET https://localhost:7071/swagger/index.html - - - 200 - text/html;charset=utf-8 609.1690ms 
2026-04-18 19:18:56.031 -04:00 INF Request starting HTTP/2 GET https://localhost:7071/swagger/swagger-ui-bundle.js - - 
2026-04-18 19:18:56.031 -04:00 INF Request starting HTTP/2 GET https://localhost:7071/swagger/swagger-ui.css - - 
2026-04-18 19:18:56.031 -04:00 INF Request starting HTTP/2 GET https://localhost:7071/_framework/aspnetcore-browser-refresh.js - - 
2026-04-18 19:18:56.032 -04:00 INF Request starting HTTP/2 GET https://localhost:7071/swagger/swagger-ui-standalone-preset.js - - 
2026-04-18 19:18:56.244 -04:00 INF Request finished HTTP/2 GET https://localhost:7071/_framework/aspnetcore-browser-refresh.js - - - 200 11946 application/javascript;+charset=utf-8 212.6058ms 
2026-04-18 19:18:56.271 -04:00 INF Sending file. Request path: '/swagger-ui-bundle.js'. Physical path: 'N/A' 
2026-04-18 19:18:56.271 -04:00 INF Sending file. Request path: '/swagger-ui.css'. Physical path: 'N/A' 
2026-04-18 19:18:56.271 -04:00 INF Sending file. Request path: '/swagger-ui-standalone-preset.js'. Physical path: 'N/A' 
2026-04-18 19:18:56.284 -04:00 INF Request finished HTTP/2 GET https://localhost:7071/swagger/swagger-ui-bundle.js - - - 200 1092889 application/javascript 253.4426ms 
2026-04-18 19:18:56.293 -04:00 INF Request finished HTTP/2 GET https://localhost:7071/swagger/swagger-ui.css - - - 200 143632 text/css 262.4209ms 
2026-04-18 19:18:56.302 -04:00 INF Request finished HTTP/2 GET https://localhost:7071/swagger/swagger-ui-standalone-preset.js - - - 200 337162 application/javascript 270.3724ms 
2026-04-18 19:18:56.614 -04:00 INF Request starting HTTP/2 GET https://localhost:7071/swagger/v1/swagger.json - - 
2026-04-18 19:18:56.675 -04:00 INF Request starting HTTP/2 GET https://localhost:7071/swagger/favicon-32x32.png - - 
2026-04-18 19:18:56.697 -04:00 INF Sending file. Request path: '/favicon-32x32.png'. Physical path: 'N/A' 
2026-04-18 19:18:56.715 -04:00 INF Request finished HTTP/2 GET https://localhost:7071/swagger/favicon-32x32.png - - - 200 628 image/png 41.7131ms 
2026-04-18 19:18:56.929 -04:00 INF Request finished HTTP/2 GET https://localhost:7071/swagger/v1/swagger.json - - - 200 - application/json;charset=utf-8 315.4486ms 
2026-04-18 19:19:06.678 -04:00 INF Request starting HTTP/2 GET https://localhost:7071/api/Hospital/getallhospital - - 
2026-04-18 19:19:06.717 -04:00 INF Executing endpoint 'Hospital.API.Controllers.HospitalController.GetAllHospitals (Hospital.API)' 
2026-04-18 19:19:06.864 -04:00 INF Route matched with {action = "GetAllHospitals", controller = "Hospital"}. Executing controller action with signature System.Threading.Tasks.Task`1[Microsoft.AspNetCore.Mvc.ActionResult] GetAllHospitals() on controller Hospital.API.Controllers.HospitalController (Hospital.API). 
2026-04-18 19:19:10.875 -04:00 ERR Error occurred while connecting to a message bus. ERR MESSAGE None of the specified endpoints were reachable 
2026-04-18 19:19:10.894 -04:00 INF Inside the GetAllHospitalsAsync 
2026-04-18 19:19:13.048 -04:00 INF No any hospital record found 
2026-04-18 19:19:13.069 -04:00 INF Executing OkObjectResult, writing value of type 'Hospital.Application.Utility.GenericResponse`1[[System.Collections.Generic.IEnumerable`1[[Hospital.Domain.DTOs.Response.GetHospitalResponse, Hospital.Domain, Version=1.0.0.0, Culture=neutral, PublicKeyToken=null]], System.Private.CoreLib, Version=6.0.0.0, Culture=neutral, PublicKeyToken=7cec85d7bea7798e]]'. 
2026-04-18 19:19:13.155 -04:00 INF Executed action Hospital.API.Controllers.HospitalController.GetAllHospitals (Hospital.API) in 6258.8753ms 
2026-04-18 19:19:13.168 -04:00 INF Executed endpoint 'Hospital.API.Controllers.HospitalController.GetAllHospitals (Hospital.API)' 
2026-04-18 19:19:13.185 -04:00 INF Request finished HTTP/2 GET https://localhost:7071/api/Hospital/getallhospital - - - 200 - application/json;+charset=utf-8 6507.3171ms 
