2023-10-29 12:36:59.856 +01:00 INF Now listening on: https://localhost:7071 
2023-10-29 12:37:00.040 +01:00 INF Now listening on: http://localhost:5291 
2023-10-29 12:37:00.080 +01:00 INF Application started. Press Ctrl+C to shut down. 
2023-10-29 12:37:00.082 +01:00 INF Hosting environment: Development 
2023-10-29 12:37:00.083 +01:00 INF Content root path: C:\Users\Ogunleyeaad\source\repos\project\HealthcareMicroservice\src\Hospital\Hospital.API\ 
2023-10-29 12:37:01.884 +01:00 INF Request starting HTTP/2 GET https://localhost:7071/swagger - - 
2023-10-29 12:37:02.200 +01:00 INF Request finished HTTP/2 GET https://localhost:7071/swagger - - - 301 0 - 322.2115ms 
2023-10-29 12:37:02.210 +01:00 INF Request starting HTTP/2 GET https://localhost:7071/swagger/index.html - - 
2023-10-29 12:37:03.451 +01:00 INF Request finished HTTP/2 GET https://localhost:7071/swagger/index.html - - - 200 - text/html;charset=utf-8 1241.3983ms 
2023-10-29 12:37:03.500 +01:00 INF Request starting HTTP/2 GET https://localhost:7071/swagger/swagger-ui-standalone-preset.js - - 
2023-10-29 12:37:03.502 +01:00 INF Request starting HTTP/2 GET https://localhost:7071/swagger/swagger-ui.css - - 
2023-10-29 12:37:03.502 +01:00 INF Request starting HTTP/2 GET https://localhost:7071/swagger/swagger-ui-bundle.js - - 
2023-10-29 12:37:03.500 +01:00 INF Request starting HTTP/2 GET https://localhost:7071/_framework/aspnetcore-browser-refresh.js - - 
2023-10-29 12:37:03.524 +01:00 INF Request starting HTTP/2 GET https://localhost:7071/_vs/browserLink - - 
2023-10-29 12:37:03.542 +01:00 INF Request finished HTTP/2 GET https://localhost:7071/_framework/aspnetcore-browser-refresh.js - - - 200 11994 application/javascript;+charset=utf-8 42.4754ms 
2023-10-29 12:37:03.635 +01:00 INF Sending file. Request path: '/swagger-ui.css'. Physical path: 'N/A' 
2023-10-29 12:37:03.635 +01:00 INF Sending file. Request path: '/swagger-ui-bundle.js'. Physical path: 'N/A' 
2023-10-29 12:37:03.640 +01:00 INF Request finished HTTP/2 GET https://localhost:7071/swagger/swagger-ui.css - - - 200 143632 text/css 138.1126ms 
2023-10-29 12:37:03.635 +01:00 INF Sending file. Request path: '/swagger-ui-standalone-preset.js'. Physical path: 'N/A' 
2023-10-29 12:37:03.664 +01:00 INF Request finished HTTP/2 GET https://localhost:7071/swagger/swagger-ui-bundle.js - - - 200 1092889 application/javascript 161.8513ms 
2023-10-29 12:37:03.666 +01:00 INF Request finished HTTP/2 GET https://localhost:7071/swagger/swagger-ui-standalone-preset.js - - - 200 337162 application/javascript 165.9106ms 
2023-10-29 12:37:03.684 +01:00 INF Request finished HTTP/2 GET https://localhost:7071/_vs/browserLink - - - 200 - text/javascript;+charset=UTF-8 164.8963ms 
2023-10-29 12:37:03.838 +01:00 INF Request starting HTTP/2 GET https://localhost:7071/swagger/v1/swagger.json - - 
2023-10-29 12:37:03.880 +01:00 INF Request starting HTTP/2 GET https://localhost:7071/swagger/favicon-32x32.png - - 
2023-10-29 12:37:03.885 +01:00 INF Sending file. Request path: '/favicon-32x32.png'. Physical path: 'N/A' 
2023-10-29 12:37:03.893 +01:00 INF Request finished HTTP/2 GET https://localhost:7071/swagger/favicon-32x32.png - - - 200 628 image/png 13.7967ms 
2023-10-29 12:37:04.200 +01:00 INF Request finished HTTP/2 GET https://localhost:7071/swagger/v1/swagger.json - - - 200 - application/json;charset=utf-8 361.9099ms 
2023-10-29 12:39:20.567 +01:00 INF Now listening on: https://localhost:7071 
2023-10-29 12:39:20.609 +01:00 INF Now listening on: http://localhost:5291 
2023-10-29 12:39:20.616 +01:00 INF Application started. Press Ctrl+C to shut down. 
2023-10-29 12:39:20.618 +01:00 INF Hosting environment: Development 
2023-10-29 12:39:20.619 +01:00 INF Content root path: C:\Users\Ogunleyeaad\source\repos\project\HealthcareMicroservice\src\Hospital\Hospital.API\ 
2023-10-29 12:39:21.826 +01:00 INF Request starting HTTP/2 GET https://localhost:7071/swagger/index.html - - 
2023-10-29 12:39:22.157 +01:00 INF Request finished HTTP/2 GET https://localhost:7071/swagger/index.html - - - 200 - text/html;charset=utf-8 336.6967ms 
2023-10-29 12:39:22.188 +01:00 INF Request starting HTTP/2 GET https://localhost:7071/_framework/aspnetcore-browser-refresh.js - - 
2023-10-29 12:39:22.188 +01:00 INF Request starting HTTP/2 GET https://localhost:7071/_vs/browserLink - - 
2023-10-29 12:39:22.218 +01:00 INF Request finished HTTP/2 GET https://localhost:7071/_framework/aspnetcore-browser-refresh.js - - - 200 11994 application/javascript;+charset=utf-8 30.1796ms 
2023-10-29 12:39:22.254 +01:00 INF Request finished HTTP/2 GET https://localhost:7071/_vs/browserLink - - - 200 - text/javascript;+charset=UTF-8 65.5785ms 
2023-10-29 12:39:22.435 +01:00 INF Request starting HTTP/2 GET https://localhost:7071/swagger/v1/swagger.json - - 
2023-10-29 12:39:22.578 +01:00 INF Request finished HTTP/2 GET https://localhost:7071/swagger/v1/swagger.json - - - 200 - application/json;charset=utf-8 143.1545ms 
2023-10-29 12:40:13.860 +01:00 INF Now listening on: https://localhost:7071 
2023-10-29 12:40:13.929 +01:00 INF Now listening on: http://localhost:5291 
2023-10-29 12:40:13.938 +01:00 INF Application started. Press Ctrl+C to shut down. 
2023-10-29 12:40:13.941 +01:00 INF Hosting environment: Development 
2023-10-29 12:40:13.944 +01:00 INF Content root path: C:\Users\Ogunleyeaad\source\repos\project\HealthcareMicroservice\src\Hospital\Hospital.API\ 
2023-10-29 12:40:15.831 +01:00 INF Request starting HTTP/2 GET https://localhost:7071/swagger/index.html - - 
2023-10-29 12:40:16.777 +01:00 INF Request finished HTTP/2 GET https://localhost:7071/swagger/index.html - - - 200 - text/html;charset=utf-8 953.0901ms 
2023-10-29 12:40:16.799 +01:00 INF Request starting HTTP/2 GET https://localhost:7071/_framework/aspnetcore-browser-refresh.js - - 
2023-10-29 12:40:16.850 +01:00 INF Request starting HTTP/2 GET https://localhost:7071/_vs/browserLink - - 
2023-10-29 12:40:16.925 +01:00 INF Request finished HTTP/2 GET https://localhost:7071/_framework/aspnetcore-browser-refresh.js - - - 200 11994 application/javascript;+charset=utf-8 125.3009ms 
2023-10-29 12:40:17.008 +01:00 INF Request finished HTTP/2 GET https://localhost:7071/_vs/browserLink - - - 200 - text/javascript;+charset=UTF-8 158.0816ms 
2023-10-29 12:40:17.098 +01:00 INF Request starting HTTP/2 GET https://localhost:7071/swagger/v1/swagger.json - - 
2023-10-29 12:40:17.411 +01:00 INF Request finished HTTP/2 GET https://localhost:7071/swagger/v1/swagger.json - - - 200 - application/json;charset=utf-8 312.1361ms 
2023-10-29 12:52:00.260 +01:00 INF Now listening on: https://localhost:7071 
2023-10-29 12:52:00.545 +01:00 INF Now listening on: http://localhost:5291 
2023-10-29 12:52:00.554 +01:00 INF Application started. Press Ctrl+C to shut down. 
2023-10-29 12:52:00.566 +01:00 INF Hosting environment: Development 
2023-10-29 12:52:00.570 +01:00 INF Content root path: C:\Users\Ogunleyeaad\source\repos\project\HealthcareMicroservice\src\Hospital\Hospital.API\ 
2023-10-29 12:52:02.037 +01:00 INF Request starting HTTP/2 GET https://localhost:7071/swagger/index.html - - 
2023-10-29 12:52:03.164 +01:00 INF Request finished HTTP/2 GET https://localhost:7071/swagger/index.html - - - 200 - text/html;charset=utf-8 1141.8055ms 
2023-10-29 12:52:03.238 +01:00 INF Request starting HTTP/2 GET https://localhost:7071/_framework/aspnetcore-browser-refresh.js - - 
2023-10-29 12:52:03.259 +01:00 INF Request starting HTTP/2 GET https://localhost:7071/_vs/browserLink - - 
2023-10-29 12:52:03.304 +01:00 INF Request finished HTTP/2 GET https://localhost:7071/_framework/aspnetcore-browser-refresh.js - - - 200 11994 application/javascript;+charset=utf-8 66.1107ms 
2023-10-29 12:52:03.499 +01:00 INF Request finished HTTP/2 GET https://localhost:7071/_vs/browserLink - - - 200 - text/javascript;+charset=UTF-8 240.3991ms 
2023-10-29 12:52:03.569 +01:00 INF Request starting HTTP/2 GET https://localhost:7071/swagger/v1/swagger.json - - 
2023-10-29 12:52:03.951 +01:00 INF Request finished HTTP/2 GET https://localhost:7071/swagger/v1/swagger.json - - - 200 - application/json;charset=utf-8 381.7902ms 
2023-10-29 12:52:33.232 +01:00 INF Request starting HTTP/2 POST https://localhost:7071/api/Hospital/createhospital application/json 117 
2023-10-29 12:52:33.275 +01:00 INF Executing endpoint 'Hospital.API.Controllers.HospitalController.CreateHospital (Hospital.API)' 
2023-10-29 12:52:33.440 +01:00 INF Route matched with {action = "CreateHospital", controller = "Hospital"}. Executing controller action with signature System.Threading.Tasks.Task`1[Microsoft.AspNetCore.Mvc.ActionResult] CreateHospital(Hospital.Domain.DTOs.Request.HospitalForCreationDto) on controller Hospital.API.Controllers.HospitalController (Hospital.API). 
