2026-04-19 09:56:39.296 -04:00 INF Request starting HTTP/2 GET https://localhost:7071/swagger/index.html - - 
2026-04-19 09:56:39.601 -04:00 INF Request finished HTTP/2 GET https://localhost:7071/swagger/index.html - - - 200 - text/html;charset=utf-8 308.5434ms 
2026-04-19 09:56:39.606 -04:00 INF Request starting HTTP/2 GET https://localhost:7071/swagger/swagger-ui.css - - 
2026-04-19 09:56:39.607 -04:00 INF Request starting HTTP/2 GET https://localhost:7071/swagger/swagger-ui-bundle.js - - 
2026-04-19 09:56:39.608 -04:00 INF Request starting HTTP/2 GET https://localhost:7071/swagger/swagger-ui-standalone-preset.js - - 
2026-04-19 09:56:39.609 -04:00 INF Request starting HTTP/2 GET https://localhost:7071/_framework/aspnetcore-browser-refresh.js - - 
2026-04-19 09:56:39.709 -04:00 INF Sending file. Request path: '/swagger-ui.css'. Physical path: 'N/A' 
2026-04-19 09:56:39.763 -04:00 INF Request finished HTTP/2 GET https://localhost:7071/_framework/aspnetcore-browser-refresh.js - - - 200 11946 application/javascript;+charset=utf-8 154.1696ms 
2026-04-19 09:56:39.806 -04:00 INF Request finished HTTP/2 GET https://localhost:7071/swagger/swagger-ui.css - - - 200 143632 text/css 200.1253ms 
2026-04-19 09:56:39.812 -04:00 INF Sending file. Request path: '/swagger-ui-standalone-preset.js'. Physical path: 'N/A' 
2026-04-19 09:56:39.852 -04:00 INF Request finished HTTP/2 GET https://localhost:7071/swagger/swagger-ui-standalone-preset.js - - - 200 337162 application/javascript 243.8758ms 
2026-04-19 09:56:39.884 -04:00 INF Sending file. Request path: '/swagger-ui-bundle.js'. Physical path: 'N/A' 
2026-04-19 09:56:39.894 -04:00 INF Request finished HTTP/2 GET https://localhost:7071/swagger/swagger-ui-bundle.js - - - 200 1092889 application/javascript 287.3194ms 
2026-04-19 09:56:40.217 -04:00 INF Request starting HTTP/2 GET https://localhost:7071/swagger/v1/swagger.json - - 
2026-04-19 09:56:40.282 -04:00 INF Request starting HTTP/2 GET https://localhost:7071/swagger/favicon-32x32.png - - 
2026-04-19 09:56:40.291 -04:00 INF Sending file. Request path: '/favicon-32x32.png'. Physical path: 'N/A' 
2026-04-19 09:56:40.302 -04:00 INF Request finished HTTP/2 GET https://localhost:7071/swagger/favicon-32x32.png - - - 200 628 image/png 20.6051ms 
2026-04-19 09:56:40.312 -04:00 INF Request finished HTTP/2 GET https://localhost:7071/swagger/v1/swagger.json - - - 200 - application/json;charset=utf-8 96.0662ms 
2026-04-19 15:47:25.010 -04:00 INF Now listening on: https://localhost:7071 
2026-04-19 15:47:25.500 -04:00 INF Now listening on: http://localhost:5291 
2026-04-19 15:47:25.661 -04:00 INF Application started. Press Ctrl+C to shut down. 
2026-04-19 15:47:26.274 -04:00 INF Hosting environment: Development 
2026-04-19 15:47:26.324 -04:00 INF Content root path: C:\Users\hp\source\repos\devops\HealthcareMicroservice\src\Hospital\Hospital.API\ 
2026-04-19 15:47:32.928 -04:00 INF Request starting HTTP/2 GET https://localhost:7071/swagger - - 
2026-04-19 15:47:33.412 -04:00 INF Request starting HTTP/2 GET https://localhost:7071/swagger/index.html - - 
2026-04-19 15:47:33.412 -04:00 INF Request finished HTTP/2 GET https://localhost:7071/swagger - - - 301 0 - 492.5854ms 
2026-04-19 15:47:35.230 -04:00 INF Request finished HTTP/2 GET https://localhost:7071/swagger/index.html - - - 200 - text/html;charset=utf-8 1817.7742ms 
2026-04-19 15:47:35.258 -04:00 INF Request starting HTTP/2 GET https://localhost:7071/swagger/swagger-ui-bundle.js - - 
2026-04-19 15:47:35.257 -04:00 INF Request starting HTTP/2 GET https://localhost:7071/swagger/swagger-ui.css - - 
2026-04-19 15:47:35.260 -04:00 INF Request starting HTTP/2 GET https://localhost:7071/_framework/aspnetcore-browser-refresh.js - - 
2026-04-19 15:47:35.259 -04:00 INF Request starting HTTP/2 GET https://localhost:7071/swagger/swagger-ui-standalone-preset.js - - 
2026-04-19 15:47:35.629 -04:00 INF Request finished HTTP/2 GET https://localhost:7071/_framework/aspnetcore-browser-refresh.js - - - 200 11946 application/javascript;+charset=utf-8 369.6567ms 
2026-04-19 15:47:35.947 -04:00 INF Sending file. Request path: '/swagger-ui.css'. Physical path: 'N/A' 
2026-04-19 15:47:35.947 -04:00 INF Sending file. Request path: '/swagger-ui-standalone-preset.js'. Physical path: 'N/A' 
2026-04-19 15:47:36.011 -04:00 INF Sending file. Request path: '/swagger-ui-bundle.js'. Physical path: 'N/A' 
2026-04-19 15:47:36.012 -04:00 INF Request finished HTTP/2 GET https://localhost:7071/swagger/swagger-ui.css - - - 200 143632 text/css 754.1060ms 
2026-04-19 15:47:36.032 -04:00 INF Request finished HTTP/2 GET https://localhost:7071/swagger/swagger-ui-standalone-preset.js - - - 200 337162 application/javascript 772.7442ms 
2026-04-19 15:47:36.139 -04:00 INF Request finished HTTP/2 GET https://localhost:7071/swagger/swagger-ui-bundle.js - - - 200 1092889 application/javascript 880.9093ms 
2026-04-19 15:47:36.536 -04:00 INF Request starting HTTP/2 GET https://localhost:7071/swagger/v1/swagger.json - - 
2026-04-19 15:47:36.622 -04:00 INF Request starting HTTP/2 GET https://localhost:7071/swagger/favicon-32x32.png - - 
2026-04-19 15:47:36.694 -04:00 INF Sending file. Request path: '/favicon-32x32.png'. Physical path: 'N/A' 
2026-04-19 15:47:36.829 -04:00 INF Request finished HTTP/2 GET https://localhost:7071/swagger/favicon-32x32.png - - - 200 628 image/png 206.7475ms 
2026-04-19 15:47:37.241 -04:00 INF Request finished HTTP/2 GET https://localhost:7071/swagger/v1/swagger.json - - - 200 - application/json;charset=utf-8 704.3404ms 
2026-04-19 15:47:47.866 -04:00 INF Request starting HTTP/2 GET https://localhost:7071/api/Hospital/getallhospital - - 
2026-04-19 15:47:48.013 -04:00 INF Executing endpoint 'Hospital.API.Controllers.HospitalController.GetAllHospitals (Hospital.API)' 
2026-04-19 15:47:48.352 -04:00 INF Route matched with {action = "GetAllHospitals", controller = "Hospital"}. Executing controller action with signature System.Threading.Tasks.Task`1[Microsoft.AspNetCore.Mvc.ActionResult] GetAllHospitals() on controller Hospital.API.Controllers.HospitalController (Hospital.API). 
2026-04-19 15:47:54.374 -04:00 ERR Error occurred while connecting to a message bus. ERR MESSAGE None of the specified endpoints were reachable 
2026-04-19 15:47:54.417 -04:00 INF Inside the GetAllHospitalsAsync 
2026-04-19 15:47:59.304 -04:00 INF No any hospital record found 
2026-04-19 15:47:59.342 -04:00 INF Executing OkObjectResult, writing value of type 'Hospital.Application.Utility.GenericResponse`1[[System.Collections.Generic.IEnumerable`1[[Hospital.Domain.DTOs.Response.GetHospitalResponse, Hospital.Domain, Version=1.0.0.0, Culture=neutral, PublicKeyToken=null]], System.Private.CoreLib, Version=6.0.0.0, Culture=neutral, PublicKeyToken=7cec85d7bea7798e]]'. 
2026-04-19 15:47:59.474 -04:00 INF Executed action Hospital.API.Controllers.HospitalController.GetAllHospitals (Hospital.API) in 10848.7086ms 
2026-04-19 15:47:59.589 -04:00 INF Executed endpoint 'Hospital.API.Controllers.HospitalController.GetAllHospitals (Hospital.API)' 
2026-04-19 15:47:59.693 -04:00 INF Request finished HTTP/2 GET https://localhost:7071/api/Hospital/getallhospital - - - 200 - application/json;+charset=utf-8 11829.3497ms 
