2026-04-06 15:10:49.646 -04:00 INF Now listening on: https://localhost:7071 
2026-04-06 15:10:49.809 -04:00 INF Now listening on: http://localhost:5291 
2026-04-06 15:10:49.832 -04:00 INF Application started. Press Ctrl+C to shut down. 
2026-04-06 15:10:49.848 -04:00 INF Hosting environment: Development 
2026-04-06 15:10:49.859 -04:00 INF Content root path: C:\Users\hp\source\repos\devops\HealthcareMicroservice\src\Hospital\Hospital.API\ 
2026-04-06 15:11:01.592 -04:00 INF Request starting HTTP/2 GET https://localhost:7071/swagger - - 
2026-04-06 15:11:01.790 -04:00 INF Request finished HTTP/2 GET https://localhost:7071/swagger - - - 301 0 - 209.5044ms 
2026-04-06 15:11:01.790 -04:00 INF Request starting HTTP/2 GET https://localhost:7071/swagger/index.html - - 
2026-04-06 15:11:02.317 -04:00 INF Request finished HTTP/2 GET https://localhost:7071/swagger/index.html - - - 200 - text/html;charset=utf-8 527.3455ms 
2026-04-06 15:11:02.325 -04:00 INF Request starting HTTP/2 GET https://localhost:7071/swagger/swagger-ui.css - - 
2026-04-06 15:11:02.327 -04:00 INF Request starting HTTP/2 GET https://localhost:7071/_framework/aspnetcore-browser-refresh.js - - 
2026-04-06 15:11:02.326 -04:00 INF Request starting HTTP/2 GET https://localhost:7071/swagger/swagger-ui-standalone-preset.js - - 
2026-04-06 15:11:02.326 -04:00 INF Request starting HTTP/2 GET https://localhost:7071/swagger/swagger-ui-bundle.js - - 
2026-04-06 15:11:02.340 -04:00 INF Request finished HTTP/2 GET https://localhost:7071/_framework/aspnetcore-browser-refresh.js - - - 200 11946 application/javascript;+charset=utf-8 13.8210ms 
2026-04-06 15:11:02.764 -04:00 INF Sending file. Request path: '/swagger-ui-bundle.js'. Physical path: 'N/A' 
2026-04-06 15:11:02.764 -04:00 INF Sending file. Request path: '/swagger-ui-standalone-preset.js'. Physical path: 'N/A' 
2026-04-06 15:11:02.765 -04:00 INF Sending file. Request path: '/swagger-ui.css'. Physical path: 'N/A' 
2026-04-06 15:11:02.777 -04:00 INF Request finished HTTP/2 GET https://localhost:7071/swagger/swagger-ui-bundle.js - - - 200 1092889 application/javascript 451.7657ms 
2026-04-06 15:11:02.790 -04:00 INF Request finished HTTP/2 GET https://localhost:7071/swagger/swagger-ui-standalone-preset.js - - - 200 337162 application/javascript 463.6673ms 
2026-04-06 15:11:02.797 -04:00 INF Request finished HTTP/2 GET https://localhost:7071/swagger/swagger-ui.css - - - 200 143632 text/css 472.0225ms 
2026-04-06 15:11:03.110 -04:00 INF Request starting HTTP/2 GET https://localhost:7071/swagger/v1/swagger.json - - 
2026-04-06 15:11:03.164 -04:00 INF Request starting HTTP/2 GET https://localhost:7071/swagger/favicon-32x32.png - - 
2026-04-06 15:11:03.225 -04:00 INF Sending file. Request path: '/favicon-32x32.png'. Physical path: 'N/A' 
2026-04-06 15:11:03.258 -04:00 INF Request finished HTTP/2 GET https://localhost:7071/swagger/favicon-32x32.png - - - 200 628 image/png 94.0688ms 
2026-04-06 15:11:03.490 -04:00 INF Request finished HTTP/2 GET https://localhost:7071/swagger/v1/swagger.json - - - 200 - application/json;charset=utf-8 380.2772ms 
